21:48:46,338 DBG ifcfg: content of files (network initialization):
21:48:46,339 DBG ifcfg: /etc/sysconfig/network-scripts/ifcfg-ens3:
21:48:46,339 DBG ifcfg:   # Generated by dracut initrd
21:48:46,340 DBG ifcfg:   NAME="ens3"
21:48:46,340 DBG ifcfg:   DEVICE="ens3"
21:48:46,340 DBG ifcfg:   ONBOOT=yes
21:48:46,341 DBG ifcfg:   NETBOOT=yes
21:48:46,341 DBG ifcfg:   UUID="22c5fd20-2314-4577-99d0-e71ee7684a14"
21:48:46,341 DBG ifcfg:   IPV6INIT=yes
21:48:46,341 DBG ifcfg:   BOOTPROTO=dhcp
21:48:46,342 DBG ifcfg:   TYPE=Ethernet
21:48:46,347 DBG ifcfg: all settings: [{'ipv6': {'addr-gen-mode': 0, 'address-data': [], 'addresses': [], 'dns': [], 'dns-search': [], 'method': 'auto', 'route-data': [], 'routes': []}, 'ipv4': {'address-data': [], 'addresses': [], 'dns': [], 'dns-search': [], 'method': 'auto', 'route-data': [], 'routes': []}, '802-3-ethernet': {'auto-negotiate': False, 'mac-address-blacklist': [], 's390-options': {}}, 'proxy': {}, 'connection': {'id': 'ens3', 'interface-name': 'ens3', 'permissions': [], 'timestamp': 1578952118, 'type': '802-3-ethernet', 'uuid': '22c5fd20-2314-4577-99d0-e71ee7684a14'}}]
21:48:46,433 DBG ifcfg: IfcfFile.read /etc/sysconfig/network-scripts/ifcfg-ens3
21:48:46,434 DBG ifcfg: IfcfFile.read /etc/sysconfig/network-scripts/ifcfg-ens3
21:48:46,434 DBG ifcfg: IfcfFile.read /etc/sysconfig/network-scripts/ifcfg-ens3
21:48:46,435 DBG ifcfg: IfcfFile.read /etc/sysconfig/network-scripts/ifcfg-ens3
21:48:46,436 DBG ifcfg: IfcfFile.read /etc/sysconfig/network-scripts/ifcfg-ens3
21:48:46,503 DBG ifcfg: content of files (kickstart pre section applied for devices ['ens3']):
21:48:46,503 DBG ifcfg: /etc/sysconfig/network-scripts/ifcfg-ens3:
21:48:46,504 DBG ifcfg:   # Generated by dracut initrd
21:48:46,504 DBG ifcfg:   NAME=ens3
21:48:46,504 DBG ifcfg:   DEVICE=ens3
21:48:46,505 DBG ifcfg:   ONBOOT=no
21:48:46,505 DBG ifcfg:   NETBOOT=yes
21:48:46,506 DBG ifcfg:   UUID=22c5fd20-2314-4577-99d0-e71ee7684a14
21:48:46,506 DBG ifcfg:   IPV6INIT=yes
21:48:46,506 DBG ifcfg:   BOOTPROTO=dhcp
21:48:46,507 DBG ifcfg:   TYPE=Ethernet
21:48:46,507 DBG ifcfg:   PROXY_METHOD=none
21:48:46,507 DBG ifcfg:   BROWSER_ONLY=no
21:48:46,508 DBG ifcfg:   DEFROUTE=yes
21:48:46,508 DBG ifcfg:   IPV4_FAILURE_FATAL=no
21:48:46,508 DBG ifcfg:   IPV6_AUTOCONF=yes
21:48:46,509 DBG ifcfg:   IPV6_DEFROUTE=yes
21:48:46,509 DBG ifcfg:   IPV6_FAILURE_FATAL=no
21:48:46,529 DBG ifcfg: all settings: [{'ipv6': {'addr-gen-mode': 0, 'address-data': [], 'addresses': [], 'dns': [], 'dns-search': [], 'method': 'auto', 'route-data': [], 'routes': []}, 'ipv4': {'address-data': [], 'addresses': [], 'dns': [], 'dns-search': [], 'method': 'auto', 'route-data': [], 'routes': []}, 'proxy': {}, '802-3-ethernet': {'auto-negotiate': False, 'mac-address-blacklist': [], 's390-options': {}}, 'connection': {'autoconnect': False, 'id': 'ens3', 'interface-name': 'ens3', 'permissions': [], 'timestamp': 1578952126, 'type': '802-3-ethernet', 'uuid': '22c5fd20-2314-4577-99d0-e71ee7684a14'}}]
21:48:46,594 DBG ifcfg: IfcfFile.read /etc/sysconfig/network-scripts/ifcfg-ens3
21:48:46,595 DBG ifcfg: IfcfFile.read /etc/sysconfig/network-scripts/ifcfg-ens3
21:48:46,596 DBG ifcfg: IfcfFile.read /etc/sysconfig/network-scripts/ifcfg-ens3
21:48:46,597 DBG ifcfg: IfcfFile.read /etc/sysconfig/network-scripts/ifcfg-ens3
21:48:46,598 DBG ifcfg: IfcfFile.read /etc/sysconfig/network-scripts/ifcfg-ens3
21:48:46,656 DBG ifcfg: IfcfFile.read /etc/sysconfig/network-scripts/ifcfg-ens3
21:48:46,657 DBG ifcfg: IfcfFile.read /etc/sysconfig/network-scripts/ifcfg-ens3
21:48:46,658 DBG ifcfg: IfcfFile.read /etc/sysconfig/network-scripts/ifcfg-ens3
21:48:46,659 DBG ifcfg: IfcfFile.read /etc/sysconfig/network-scripts/ifcfg-ens3
21:48:46,659 DBG ifcfg: IfcfFile.read /etc/sysconfig/network-scripts/ifcfg-ens3
21:48:46,660 DBG ifcfg: IfcfFile.read /etc/sysconfig/network-scripts/ifcfg-ens3
21:48:46,661 DBG ifcfg: IfcfgFile.set /etc/sysconfig/network-scripts/ifcfg-ens3: (('ONBOOT', 'yes'),)
21:48:46,662 DBG ifcfg: IfcfgFile.write /etc/sysconfig/network-scripts/ifcfg-ens3:
# Generated by dracut initrd
NAME="ens3"
DEVICE="ens3"
ONBOOT="yes"
NETBOOT="yes"
UUID="22c5fd20-2314-4577-99d0-e71ee7684a14"
IPV6INIT="yes"
BOOTPROTO="dhcp"
TYPE="Ethernet"
PROXY_METHOD="none"
BROWSER_ONLY="no"
DEFROUTE="yes"
IPV4_FAILURE_FATAL="no"
IPV6_AUTOCONF="yes"
IPV6_DEFROUTE="yes"
IPV6_FAILURE_FATAL="no"

21:48:46,663 DBG ifcfg: content of files (real kickstart ONBOOT value set for devices ['ens3']):
21:48:46,663 DBG ifcfg: /etc/sysconfig/network-scripts/ifcfg-ens3:
21:48:46,663 DBG ifcfg:   # Generated by dracut initrd
21:48:46,663 DBG ifcfg:   NAME="ens3"
21:48:46,664 DBG ifcfg:   DEVICE="ens3"
21:48:46,664 DBG ifcfg:   ONBOOT="yes"
21:48:46,664 DBG ifcfg:   NETBOOT="yes"
21:48:46,664 DBG ifcfg:   UUID="22c5fd20-2314-4577-99d0-e71ee7684a14"
21:48:46,664 DBG ifcfg:   IPV6INIT="yes"
21:48:46,665 DBG ifcfg:   BOOTPROTO="dhcp"
21:48:46,665 DBG ifcfg:   TYPE="Ethernet"
21:48:46,665 DBG ifcfg:   PROXY_METHOD="none"
21:48:46,665 DBG ifcfg:   BROWSER_ONLY="no"
21:48:46,665 DBG ifcfg:   DEFROUTE="yes"
21:48:46,665 DBG ifcfg:   IPV4_FAILURE_FATAL="no"
21:48:46,666 DBG ifcfg:   IPV6_AUTOCONF="yes"
21:48:46,666 DBG ifcfg:   IPV6_DEFROUTE="yes"
21:48:46,666 DBG ifcfg:   IPV6_FAILURE_FATAL="no"
21:48:46,672 DBG ifcfg: all settings: [{'ipv6': {'addr-gen-mode': 0, 'address-data': [], 'addresses': [], 'dns': [], 'dns-search': [], 'method': 'auto', 'route-data': [], 'routes': []}, 'ipv4': {'address-data': [], 'addresses': [], 'dns': [], 'dns-search': [], 'method': 'auto', 'route-data': [], 'routes': []}, 'proxy': {}, '802-3-ethernet': {'auto-negotiate': False, 'mac-address-blacklist': [], 's390-options': {}}, 'connection': {'autoconnect': False, 'id': 'ens3', 'interface-name': 'ens3', 'permissions': [], 'timestamp': 1578952126, 'type': '802-3-ethernet', 'uuid': '22c5fd20-2314-4577-99d0-e71ee7684a14'}}]
21:48:47,584 DBG ifcfg: IfcfFile.read /etc/sysconfig/network-scripts/ifcfg-ens3
21:48:47,589 DBG ifcfg: IfcfFile.read /etc/sysconfig/network-scripts/ifcfg-ens3
21:48:47,592 DBG ifcfg: IfcfFile.read /etc/sysconfig/network-scripts/ifcfg-ens3
21:48:47,593 DBG ifcfg: IfcfFile.read /etc/sysconfig/network-scripts/ifcfg-ens3
21:48:47,594 DBG ifcfg: IfcfFile.read /etc/sysconfig/network-scripts/ifcfg-ens3
