21:48:47,332 INF packaging: setting DNF platform id to: platform:el8
21:48:47,335 DBG packaging: Dnf configuration:
[main]
assumeno = 0
assumeyes = 0
autocheck_running_kernel = 1
bandwidth = 0
best = 1
bugtracker_url = https://bugzilla.redhat.com/enter_bug.cgi?product=Fedora&component=dnf
cachedir = /tmp/dnf.cache
cacheonly = 0
check_config_file_age = 1
clean_requirements_on_remove = 1
color = auto
color_list_available_downgrade = dim,cyan
color_list_available_install = normal
color_list_available_reinstall = bold,underline,green
color_list_available_upgrade = bold,blue
color_list_installed_extra = bold,red
color_list_installed_newer = bold,yellow
color_list_installed_older = bold
color_list_installed_reinstall = normal
color_search_match = bold
color_update_installed = normal
color_update_local = bold
color_update_remote = normal
config_file_path = /etc/dnf/dnf.conf
debug_solver = 0
debuglevel = 2
defaultyes = 0
deltarpm = 1
deltarpm_percentage = 75
disable_excludes = []
diskspacecheck = 1
enabled = 1
enablegroups = 1
errorlevel = 3
exclude = []
excludepkgs = []
exit_on_lock = 0
fastestmirror = 0
gpgcheck = 0
gpgkey_dns_verification = 0
group_package_types = [mandatory, default, conditional]
history_list_view = commands
history_record = 1
history_record_packages = [dnf, rpm]
ignorearch = 0
includepkgs = []
install_weak_deps = 0
installonly_limit = 3
installonlypkgs = [kernel, kernel-PAE, installonlypkg(kernel), installonlypkg(kernel-module), installonlypkg(vm), multiversion(kernel)]
installroot = /mnt/sysimage
ip_resolve = whatever
keepcache = 0
localpkg_gpgcheck = 0
log_rotate = 4
log_size = 1048576
logdir = /tmp/
max_parallel_downloads = 3
metadata_expire = 172800
metadata_timer_sync = 10800
minrate = 1000
module_platform_id = platform:el8
multilib_policy = best
obsoletes = 1
password = 
persistdir = /mnt/sysimage/var/lib/dnf
pluginconfpath = [/tmp/dnf.pluginconf]
pluginpath = [/usr/lib/python3.6/site-packages/dnf-plugins]
plugins = 1
protected_packages = [dnf, systemd, systemd-udev, dnf]
proxy = 
proxy_auth_method = any
recent = 7
repo_gpgcheck = 0
reposdir = [/etc/yum.repos.d, /etc/anaconda.repos.d, /tmp/updates/anaconda.repos.d, /tmp/product/anaconda.repos.d]
reset_nice = 1
retries = 10
rpmverbosity = info
showdupesfromrepos = 0
skip_broken = 0
skip_if_unavailable = 0
sslcacert = 
sslclientcert = 
sslclientkey = 
sslverify = 1
strict = 1
system_cachedir = /var/cache/dnf
throttle = 0
timeout = 30
transformdb = 1
tsflags = []
upgrade_group_objects_upgrade = 1
username = 
varsdir = [/etc/dnf/vars, /etc/yum/vars]
zchunk = 1

21:48:47,989 INF packaging: configuring base repo
21:48:48,015 INF packaging: Trying to download '.treeinfo'
21:48:48,032 DBG packaging: Retrieved '.treeinfo' from http://qa.centos.org/centos/8/BaseOS/x86_64/os/
21:48:48,036 DBG packaging: Treeinfo points base repository to http://qa.centos.org/centos/8/BaseOS/x86_64/os/.
21:48:48,036 DBG packaging: releasever from http://qa.centos.org/centos/8/BaseOS/x86_64/os/ is 8
21:48:48,037 INF packaging: added repo: 'anaconda' - http://qa.centos.org/centos/8/BaseOS/x86_64/os/
21:48:48,044 DBG dnf: repo: downloading from remote: anaconda
21:48:48,237 INF packaging: enabled repo: '' - ['http://qa.centos.org/centos/8/BaseOS/x86_64/os/'] and got repomd
21:48:48,238 DBG packaging: repo koji-override-0: mirrorlist None, baseurl http://qa.centos.org/centos/8/BaseOS/x86_64/os/, metalink False
21:48:48,238 INF packaging: added repo: 'koji-override-0' - http://qa.centos.org/centos/8/BaseOS/x86_64/os/
21:48:48,239 DBG packaging: repo koji-override-1: mirrorlist None, baseurl http://qa.centos.org/centos/8/AppStream/x86_64/os/, metalink False
21:48:48,239 INF packaging: added repo: 'koji-override-1' - http://qa.centos.org/centos/8/AppStream/x86_64/os/
21:48:48,239 DBG packaging: repo AppStream: mirrorlist None, baseurl http://qa.centos.org/centos/8/BaseOS/x86_64/os/../../../AppStream/x86_64/os/, metalink False
21:48:48,240 INF packaging: added repo: 'AppStream' - http://qa.centos.org/centos/8/BaseOS/x86_64/os/../../../AppStream/x86_64/os/
21:48:48,240 DBG dnf: repo: downloading from remote: koji-override-0
21:48:48,364 INF packaging: enabled repo: '' - ['http://qa.centos.org/centos/8/BaseOS/x86_64/os/'] and got repomd
21:48:48,365 DBG dnf: repo: downloading from remote: koji-override-1
21:48:48,573 INF packaging: enabled repo: '' - ['http://qa.centos.org/centos/8/AppStream/x86_64/os/'] and got repomd
21:48:48,574 DBG dnf: repo: downloading from remote: AppStream
21:48:49,097 INF packaging: enabled repo: '' - ['http://qa.centos.org/centos/8/BaseOS/x86_64/os/../../../AppStream/x86_64/os/'] and got repomd
21:48:49,098 DBG dnf: repo: using cache for: anaconda
21:48:49,098 DBG packaging: repo anaconda: _sync_metadata success from ['http://qa.centos.org/centos/8/BaseOS/x86_64/os/']
21:48:49,098 DBG dnf: repo: using cache for: koji-override-0
21:48:49,098 DBG packaging: repo koji-override-0: _sync_metadata success from ['http://qa.centos.org/centos/8/BaseOS/x86_64/os/']
21:48:49,099 DBG dnf: repo: using cache for: koji-override-1
21:48:49,099 DBG packaging: repo koji-override-1: _sync_metadata success from ['http://qa.centos.org/centos/8/AppStream/x86_64/os/']
21:48:49,099 DBG dnf: repo: using cache for: AppStream
21:48:49,099 DBG packaging: repo AppStream: _sync_metadata success from ['http://qa.centos.org/centos/8/BaseOS/x86_64/os/../../../AppStream/x86_64/os/']
21:48:49,101 DBG dnf: repo: using cache for: anaconda
21:48:50,025 DBG dnf: anaconda: using metadata from Sun 12 Jan 2020 01:45:32 AM UTC.
21:48:50,026 DBG dnf: repo: using cache for: koji-override-0
21:48:50,962 DBG dnf: koji-override-0: using metadata from Sun 12 Jan 2020 01:45:32 AM UTC.
21:48:50,963 DBG dnf: repo: using cache for: koji-override-1
21:48:52,478 DBG dnf: koji-override-1: using metadata from Sun 12 Jan 2020 01:45:05 AM UTC.
21:48:52,479 DBG dnf: repo: using cache for: AppStream
21:48:53,995 DBG dnf: AppStream: using metadata from Sun 12 Jan 2020 01:45:05 AM UTC.
21:48:53,996 INF dnf: Last metadata expiration check: 0:00:02 ago on Mon 13 Jan 2020 09:48:48 PM UTC.
21:48:55,010 Level 8 dnf: timer: sack setup: 5909 ms
21:48:55,010 Level 8 dnf: Getting group metadata
21:48:55,010 Level 8 dnf: Adding group file from repository: anaconda
21:48:55,037 Level 8 dnf: Adding group file from repository: koji-override-0
21:48:55,072 Level 8 dnf: Adding group file from repository: koji-override-1
21:48:55,119 Level 8 dnf: Adding group file from repository: AppStream
21:48:55,180 Level 8 dnf: timer: loading comps: 169 ms
21:48:55,333 INF packaging: Failed to parse proxy for test if repo available : No host url
21:48:55,338 INF packaging: Failed to parse proxy for test if repo available : No host url
21:48:55,342 INF packaging: Failed to parse proxy for test if repo available : No host url
21:48:55,346 INF packaging: Failed to parse proxy for test if repo available : No host url
21:48:56,301 DBG packaging: Input mount points: {'/dev': Size (1.8919525146484375 GiB), '/dev/shm': Size (1.9240875244140625 GiB), '/run': Size (1.866458892822265625 GiB), '/sys/fs/cgroup': Size (1.924091339111328125 GiB), '/': Size (858.30859375 MiB), '/tmp': Size (1.877696990966796875 GiB), '/mnt/sysimage': Size (8.49916992150247097015380859375 GiB)}
21:48:56,302 INF packaging: Estimated size: download 0 B & install 2.79 GiB
21:48:56,302 INF packaging: Sufficient mountpoints found: {'/': Size (858.30859375 MiB), '/tmp': Size (1.877696990966796875 GiB), '/mnt/sysimage': Size (8.49916992150247097015380859375 GiB)}
21:48:56,303 DBG packaging: Install + download space required 2.79 GiB
21:48:58,513 INF packaging: checking software selection
21:48:58,514 DBG packaging: disabling modules: []
21:48:58,567 DBG packaging: enabling modules: []
21:48:58,937 DBG packaging: applying DNF package/group/module selection
21:48:58,938 INF packaging: skipping core group due to %%packages --nocore; system may not be complete
21:48:58,938 INF packaging: excluded package: 'brotli'
21:48:58,938 INF packaging: excluded package: 'dosfstools'
21:48:58,938 INF packaging: excluded package: 'e2fsprogs'
21:48:58,938 INF packaging: excluded package: 'firewalld'
21:48:58,939 INF packaging: excluded package: 'fuse-libs'
21:48:58,939 INF packaging: excluded package: 'gettext*'
21:48:58,939 INF packaging: excluded package: 'gnupg2-smime'
21:48:58,939 INF packaging: excluded package: 'grub\*'
21:48:58,939 INF packaging: excluded package: 'iptables'
21:48:58,939 INF packaging: excluded package: 'kernel'
21:48:58,939 INF packaging: excluded package: 'libss'
21:48:58,940 INF packaging: excluded package: 'os-prober*'
21:48:58,940 INF packaging: excluded package: 'pinentry'
21:48:58,940 INF packaging: excluded package: 'qemu-guest-agent'
21:48:58,940 INF packaging: excluded package: 'shared-mime-info'
21:48:58,940 INF packaging: excluded package: 'trousers'
21:48:58,940 INF packaging: excluded package: 'xfsprogs'
21:48:58,941 INF packaging: excluded package: 'xkeyboard-config'
21:48:58,941 INF packaging: selected package: 'bash'
21:48:58,941 INF packaging: selected package: 'binutils'
21:48:58,941 INF packaging: selected package: 'centos-release'
21:48:58,941 INF packaging: selected package: 'coreutils-single'
21:48:58,941 INF packaging: selected package: 'glibc-minimal-langpack'
21:48:58,941 INF packaging: selected package: 'hostname'
21:48:58,942 INF packaging: selected package: 'iputils'
21:48:58,942 INF packaging: selected package: 'less'
21:48:58,942 INF packaging: selected package: 'rootfiles'
21:48:58,942 INF packaging: selected package: 'tar'
21:48:58,942 INF packaging: selected package: 'vim-minimal'
21:48:58,942 INF packaging: selected package: 'yum'
21:48:58,942 INF packaging: selected package: 'kexec-tools'
21:48:58,943 ERR packaging: kernel: failed to select a kernel from []
21:48:58,943 DBG packaging: selected package: e2fsprogs, requirement for ['storage'] IGNORED because excluded
21:48:58,943 DBG packaging: selected package: firewalld, requirement for ['firewall'] IGNORED because excluded
21:48:58,943 DBG packaging: selected package: langpacks-en, requirement for ['langpacks'] 
21:48:58,943 DBG packaging: selected group: platform-kvm, requirement for ['platform']
21:48:58,944 DBG packaging: transaction include list
21:48:58,944 DBG packaging: ['bash', 'binutils', 'centos-release', 'coreutils-single', 'glibc-minimal-langpack', 'hostname', 'iputils', 'less', 'rootfiles', 'tar', 'vim-minimal', 'yum', 'kexec-tools', '@platform-kvm', 'langpacks-en']
21:48:58,944 DBG packaging: transaction exclude list
21:48:58,944 DBG packaging: ['@core', 'brotli', 'dosfstools', 'e2fsprogs', 'firewalld', 'fuse-libs', 'gettext*', 'gnupg2-smime', 'grub\\*', 'iptables', 'kernel', 'libss', 'os-prober*', 'pinentry', 'qemu-guest-agent', 'shared-mime-info', 'trousers', 'xfsprogs', 'xkeyboard-config']
21:48:59,355 Level 8 dnf: Getting group metadata
21:48:59,356 Level 8 dnf: Adding group file from repository: anaconda
21:48:59,374 Level 8 dnf: Adding group file from repository: koji-override-0
21:48:59,400 Level 8 dnf: Adding group file from repository: koji-override-1
21:48:59,436 Level 8 dnf: Adding group file from repository: AppStream
21:48:59,491 Level 8 dnf: timer: loading comps: 140 ms
21:48:59,566 DBG dnf: Adding packages from group 'platform-kvm': {<libcomps.Package object 'qemu-guest-agent' at 0x7f766d2d3d08>}
21:48:59,566 WRN dnf: No match for group package "qemu-guest-agent"
21:48:59,583 Level 8 dnf: timer: depsolve: 16 ms
21:48:59,589 INF packaging: checking dependencies: success
21:48:59,624 DBG packaging: Size from DNF: 273.17 MiB
21:48:59,624 DBG packaging: Bonus size 185.26 MiB by number of files 31618
21:48:59,624 DBG packaging: Total size required 504.28 MiB
21:48:59,638 DBG packaging: Input mount points: {'/dev': Size (1.8919525146484375 GiB), '/dev/shm': Size (1.9240875244140625 GiB), '/run': Size (1.866458892822265625 GiB), '/sys/fs/cgroup': Size (1.924091339111328125 GiB), '/': Size (858.26953125 MiB), '/tmp': Size (1.87766265869140625 GiB), '/mnt/sysimage': Size (9.2286224365234375 GiB), '/mnt/sysimage/dev/shm': Size (1.924091339111328125 GiB)}
21:48:59,639 INF packaging: Estimated size: download 216.32 MiB & install 504.28 MiB
21:48:59,639 INF packaging: Sufficient mountpoints found: {'/': Size (858.26953125 MiB), '/tmp': Size (1.87766265869140625 GiB), '/mnt/sysimage': Size (9.2286224365234375 GiB)}
21:48:59,640 DBG packaging: Install + download space required 720.59 MiB
21:48:59,640 INF packaging: 172 packages selected totalling 720.59 MiB
21:48:59,681 DBG packaging: Size from DNF: 273.17 MiB
21:48:59,681 DBG packaging: Bonus size 185.26 MiB by number of files 31618
21:48:59,681 DBG packaging: Total size required 504.28 MiB
21:48:59,692 DBG packaging: Input mount points: {'/dev': Size (1.8919525146484375 GiB), '/dev/shm': Size (1.9240875244140625 GiB), '/run': Size (1.866458892822265625 GiB), '/sys/fs/cgroup': Size (1.924091339111328125 GiB), '/': Size (858.26953125 MiB), '/tmp': Size (1.877655029296875 GiB), '/mnt/sysimage': Size (9.2286224365234375 GiB), '/mnt/sysimage/dev/shm': Size (1.924091339111328125 GiB)}
21:48:59,693 INF packaging: Estimated size: download 216.32 MiB & install 504.28 MiB
21:48:59,693 INF packaging: Sufficient mountpoints found: {'/': Size (858.26953125 MiB), '/tmp': Size (1.877655029296875 GiB), '/mnt/sysimage': Size (9.2286224365234375 GiB)}
21:48:59,694 INF packaging: Mountpoint /tmp picked as download location
21:48:59,698 INF packaging: Downloading packages to /tmp/dnf.package.cache.
21:49:00,801 INF packaging: Downloading packages finished.
21:49:00,833 INF dnf: Running transaction check
21:49:00,975 INF dnf: Transaction check succeeded.
21:49:00,976 INF dnf: Running transaction test
21:49:02,526 INF dnf: Transaction test succeeded.
21:49:02,527 Level 8 dnf: timer: transaction test: 1550 ms
21:49:02,527 INF dnf: Running transaction
21:49:02,528 DBG dnf: RPMDB altered outside of DNF.
21:49:03,234 Level 8 dnf: RPM transaction start.
21:49:04,261 INF packaging: Configuring (running scriptlet for): filesystem-3.8-2.el8.x86_64 1557534820 351293e23886ba1e3de8790141f616b3152692c48924ccb61d96bf7ff3ca9aee
21:49:04,672 INF packaging: Installed: libgcc-8.3.1-4.5.el8.x86_64 1573017530 68894c1f9e46138f1b2970075f2c125c36f786bc067a12d1bbf2e72dc7b40ca2
21:49:04,693 INF packaging: Configuring (running scriptlet for): libgcc-8.3.1-4.5.el8.x86_64 1573017530 68894c1f9e46138f1b2970075f2c125c36f786bc067a12d1bbf2e72dc7b40ca2
21:49:04,695 INF packaging: Installed: python3-setuptools-wheel-39.2.0-5.el8.noarch 1573572823 fe32f87d975ed2bd5f1c854961caa05fec47f6a5f9bd2a28610be907aeb71f4e
21:49:04,718 INF packaging: Installed: python3-pip-wheel-9.0.3-15.el8.noarch 1573239287 45192c93402f5ee029f8d9a63a36278e02a743c48ab064849469ad8153d1a555
21:49:04,782 INF packaging: Installed: centos-gpg-keys-8.1-1.1911.0.8.el8.noarch 1577978521 e32102ff6751b1fa27b81baed961c43125840a1bc84a9d01f8b539ba4a3b30bc
21:49:04,787 INF packaging: Installed: centos-release-8.1-1.1911.0.8.el8.x86_64 1577978472 0085469057ea505c2669742f38bd6f311b5b814179b0c55da1fc872504ba1251
21:49:04,797 INF packaging: Installed: centos-repos-8.1-1.1911.0.8.el8.x86_64 1577978472 d8f9c44624845c547f7caa64144aded338a51fc7689f8da966cc07c1ea04a28d
21:49:04,803 INF packaging: Installed: setup-2.12.2-2.el8_1.1.noarch 1578074652 7beab7df092f567bc07b3dd0b99c85f85fdba9117927e87f0b42d4d2769d3e2d
21:49:04,831 INF packaging: Configuring (running scriptlet for): setup-2.12.2-2.el8_1.1.noarch 1578074652 7beab7df092f567bc07b3dd0b99c85f85fdba9117927e87f0b42d4d2769d3e2d
21:49:04,850 INF packaging: Installed: filesystem-3.8-2.el8.x86_64 1557534820 351293e23886ba1e3de8790141f616b3152692c48924ccb61d96bf7ff3ca9aee
21:49:05,039 INF packaging: Installed: basesystem-11-5.el8.noarch 1557533944 48226934763e4c412c1eb65df314e6879720b4b1ebcb3d07c126c9526639cb68
21:49:05,045 INF packaging: Installed: tzdata-2019c-1.el8.noarch 1569937645 ef86bf42e76d2a1d9dc507c66665eb7fa1be8c7418d8d7906d853794f179449e
21:49:05,696 INF packaging: Installed: ncurses-base-6.1-7.20180224.el8.noarch 1557535702 1dfed63c2b675064c87d3e95c433a1c4515b24c28a7815e643e6f3d84814e79d
21:49:05,784 INF packaging: Installed: pcre2-10.32-1.el8.x86_64 1557540052 bb081744c54f31862e62485e08608ab021c15ab9fe0c5e16fe0980830e01cb4c
21:49:05,816 INF packaging: Installed: libselinux-2.9-2.1.el8.x86_64 1573486633 b037c9d6d3725b3b5b1dd12171fcedaf0dc79979fc8e66482911f96149904d4b
21:49:05,831 INF packaging: Installed: ncurses-libs-6.1-7.20180224.el8.x86_64 1557539552 440ef0473d6f85c6f173020dab18d376d466b7b960876fba54772f88d4bfe050
21:49:05,884 INF packaging: Installed: glibc-minimal-langpack-2.28-72.el8.x86_64 1573009951 ba9278e1ba71afe35920ceecc9352af984a55a3d94b24727255237b3653e8b97
21:49:05,886 INF packaging: Installed: glibc-common-2.28-72.el8.x86_64 1573009951 c74f76e4201bd1f8144939e3b35a24a99082d2499baa9aac6d8a52097d6fac09
21:49:06,032 INF packaging: Configuring (running scriptlet for): glibc-2.28-72.el8.x86_64 1573009951 35ef9d3d3d756989476a5ad8454b9508c5c31fb817b50f8fe473f3ac2fbd378f
21:49:06,032 INF packaging: Installed: glibc-2.28-72.el8.x86_64 1573009951 35ef9d3d3d756989476a5ad8454b9508c5c31fb817b50f8fe473f3ac2fbd378f
21:49:06,724 INF packaging: Configuring (running scriptlet for): glibc-2.28-72.el8.x86_64 1573009951 35ef9d3d3d756989476a5ad8454b9508c5c31fb817b50f8fe473f3ac2fbd378f
21:49:06,900 INF packaging: Installed: bash-4.4.19-10.el8.x86_64 1573230816 f07777300c4827aa8c2145aa78dd0f962348ba9f4cfa27baaf6e9f1a1ca0282a
21:49:07,095 INF packaging: Configuring (running scriptlet for): bash-4.4.19-10.el8.x86_64 1573230816 f07777300c4827aa8c2145aa78dd0f962348ba9f4cfa27baaf6e9f1a1ca0282a
21:49:07,098 INF packaging: Installed: libsepol-2.9-1.el8.x86_64 1573244932 8d330c13456fd777dcc4722ee9da640d8e8e3cf6957e85bf4f7ea3a9f178d05c
21:49:07,146 INF packaging: Configuring (running scriptlet for): libsepol-2.9-1.el8.x86_64 1573244932 8d330c13456fd777dcc4722ee9da640d8e8e3cf6957e85bf4f7ea3a9f178d05c
21:49:07,188 INF packaging: Installed: zlib-1.2.11-10.el8.x86_64 1557541132 e1b74a2cb4b4e0f536babb782c607898d5e9b16b1d3c2c9cd5eb8918af708778
21:49:07,208 INF packaging: Installed: xz-libs-5.2.4-3.el8.x86_64 1557541139 61553db2c5d1da168da53ec285de14d00ce91bb02dd902a1688725cf37a7b1a2
21:49:07,224 INF packaging: Installed: bzip2-libs-1.0.6-26.el8.x86_64 1557535203 19d66d152b745dbd49cea9d21c52aec0ec4d4321edef97a342acd3542404fa31
21:49:07,234 INF packaging: Installed: libcap-2.26-1.el8.x86_64 1573239414 1e8dc2ff9bd3a3c5aa40dcaed72a31d61d9936328cdcc620220a7fa9b9e5b03a
21:49:07,259 INF packaging: Installed: libgpg-error-1.31-1.el8.x86_64 1557538013 845a0732d9d7a01b909124cd8293204764235c2d856227c7a74dfa0e38113e34
21:49:07,305 INF packaging: Installed: info-6.5-4.el8.x86_64 1557540611 8d41c1a7a08d57fa3116d3a3c59c5c7a928dc6191da8974c092132f45a1b4c20
21:49:07,336 INF packaging: Installed: elfutils-libelf-0.176-5.el8.x86_64 1574179223 6a2691aced94002ffee690887f42617715febb43214c0dd571bd2acc50315a7f
21:49:07,368 INF packaging: Installed: libcom_err-1.44.6-3.el8.x86_64 1573235105 dd9150c7cc3225cbbe15715211fb53dfd75ac847891b738e8e1d41e47418492d
21:49:07,379 INF packaging: Configuring (running scriptlet for): libcom_err-1.44.6-3.el8.x86_64 1573235105 dd9150c7cc3225cbbe15715211fb53dfd75ac847891b738e8e1d41e47418492d
21:49:07,396 INF packaging: Installed: libxcrypt-4.1.1-4.el8.x86_64 1557538798 607344bcb45159a85fe83b691103e321e4169847abf197db6f3a8b223f6ba54d
21:49:07,415 INF packaging: Installed: libxml2-2.9.7-5.el8.x86_64 1557538954 b4272779ec0178289c1ba949959a86b10e7a8525d66ab7c8df8e1d2b4efcc4f4
21:49:07,489 INF packaging: Installed: sqlite-libs-3.26.0-3.el8.x86_64 1557540798 0e8309b62391bc87a867c786d90e35dad6041b959a07fc3a259dc8f024a387ca
21:49:07,554 INF packaging: Installed: expat-2.2.5-3.el8.x86_64 1557536732 dfe199dc03a6d4122bb5085bc3282777735ec4cfa4bd5e9ee372dcc4cf09b525
21:49:07,571 INF packaging: Installed: libstdc++-8.3.1-4.5.el8.x86_64 1573017530 47f2c08291d273c860adce22cf7a21d34ed6f382940237bb68aa8cd2b7b34890
21:49:07,644 INF packaging: Configuring (running scriptlet for): libstdc++-8.3.1-4.5.el8.x86_64 1573017530 47f2c08291d273c860adce22cf7a21d34ed6f382940237bb68aa8cd2b7b34890
21:49:07,660 INF packaging: Installed: libuuid-2.32.1-17.el8.x86_64 1573255704 5ee19fdad2919acf5e81787d2b02fd182326e1a0b30fa6901dc446dc537e3a80
21:49:07,672 INF packaging: Configuring (running scriptlet for): libuuid-2.32.1-17.el8.x86_64 1573255704 5ee19fdad2919acf5e81787d2b02fd182326e1a0b30fa6901dc446dc537e3a80
21:49:07,686 INF packaging: Installed: popt-1.16-14.el8.x86_64 1557540167 2f0cdb6874b7b8c1f86749ffc7f0fe90038dacd3859adea611fc685e234f992e
21:49:07,699 INF packaging: Installed: chkconfig-1.11-1.el8.x86_64 1557533964 69bdf0e650a4a1dde5e7f217be7f082d10d14e2692859805b7732cb3daf02a9d
21:49:07,732 INF packaging: Installed: readline-7.0-10.el8.x86_64 1557540187 fea868a7d82a7b6f392260ed4afb472dc4428fd71eab1456319f423a845b5084
21:49:07,760 INF packaging: Configuring (running scriptlet for): readline-7.0-10.el8.x86_64 1557540187 fea868a7d82a7b6f392260ed4afb472dc4428fd71eab1456319f423a845b5084
21:49:07,786 INF packaging: Installed: gmp-1:6.1.2-10.el8.x86_64 1573237036 3b96e2c7d5cd4b49bfde8e52c8af6ff595c91438e50856e468f14a049d8511e2
21:49:07,848 INF packaging: Configuring (running scriptlet for): gmp-1:6.1.2-10.el8.x86_64 1573237036 3b96e2c7d5cd4b49bfde8e52c8af6ff595c91438e50856e468f14a049d8511e2
21:49:07,859 INF packaging: Installed: json-c-0.13.1-0.2.el8.x86_64 1557584691 2cc5d8593583fa7d474dd6beef46e229a06a50ff5c132040a188fb573eec0a95
21:49:07,872 INF packaging: Installed: libattr-2.4.48-3.el8.x86_64 1557533865 a02e1344ccde1747501ceeeff37df4f18149fb79b435aa22add08cff6bab3a5a
21:49:07,878 INF packaging: Installed: libacl-2.2.53-1.el8.x86_64 1557533834 4973664648b7ed9278bf29074ec6a60a9f660aa97c23a283750483f64429d5bb
21:49:07,885 INF packaging: Installed: coreutils-single-8.30-6.el8.x86_64 1557590922 b8659e9fa460b21d7ef02730f5d55fe4a8bf8a86f6dd5b220034643154a70c79
21:49:08,001 INF packaging: Installed: sed-4.5-1.el8.x86_64 1557540287 1d183613170389194490f3bcafac482267b8d4e4c93118cb46f41bba5d9bfa42
21:49:08,037 INF packaging: Configuring (running scriptlet for): sed-4.5-1.el8.x86_64 1557540287 1d183613170389194490f3bcafac482267b8d4e4c93118cb46f41bba5d9bfa42
21:49:08,049 INF packaging: Installed: libblkid-2.32.1-17.el8.x86_64 1573255704 c551c479b1f68f76f98c6690c81150636f6be8fd13ad380201060c9edce84132
21:49:08,075 INF packaging: Configuring (running scriptlet for): libblkid-2.32.1-17.el8.x86_64 1573255704 c551c479b1f68f76f98c6690c81150636f6be8fd13ad380201060c9edce84132
21:49:08,106 INF packaging: Installed: libmount-2.32.1-17.el8.x86_64 1573255704 2fc8759133fa20695c730a0f50d2ae7343729f5d23d4f69501614d3273e393de
21:49:08,138 INF packaging: Configuring (running scriptlet for): libmount-2.32.1-17.el8.x86_64 1573255704 2fc8759133fa20695c730a0f50d2ae7343729f5d23d4f69501614d3273e393de
21:49:08,150 INF packaging: Installed: libcap-ng-0.7.9-4.el8.x86_64 1557537913 f40aebc317f2da3dddc7cb18e7b0a0d557bf90736d1e1170edf194f49d045415
21:49:08,160 INF packaging: Installed: audit-libs-3.0-0.10.20180831git0047a6c.el8.x86_64 1557534186 11329dabc81fd47d25aef6022949e1cf1e5973aeea54f437647bafa7d4cfc242
21:49:08,180 INF packaging: Installed: libffi-3.1-21.el8.x86_64 1573239626 ed4977e3a7430ab283921516fae09ef747f6c3758635984330f1d9876d398a14
21:49:08,189 INF packaging: Installed: libsmartcols-2.32.1-17.el8.x86_64 1573255704 96ab353071fa112300859275ff3fc06c41387b50509fa21ef1d5a97e97e38386
21:49:08,212 INF packaging: Configuring (running scriptlet for): libsmartcols-2.32.1-17.el8.x86_64 1573255704 96ab353071fa112300859275ff3fc06c41387b50509fa21ef1d5a97e97e38386
21:49:08,225 INF packaging: Installed: lua-libs-5.3.4-11.el8.x86_64 1573245741 98a5f610c2ca116fa63f98302036eaa8ca725c1e8fd7afae4a285deb50605b35
21:49:08,246 INF packaging: Installed: lz4-libs-1.8.1.2-4.el8.x86_64 1557539185 e557dd4b8e4892c224f8a8a8a7443a80c8bcf574069884b639bd6752762e8c8c
21:49:08,256 INF packaging: Installed: p11-kit-0.23.14-5.el8_0.x86_64 1561995988 9480d4e918a56c484bcb329fa4dad0f208b1222467a2de7e1b67fcc4a1068c6f
21:49:08,307 INF packaging: Configuring (running scriptlet for): p11-kit-0.23.14-5.el8_0.x86_64 1561995988 9480d4e918a56c484bcb329fa4dad0f208b1222467a2de7e1b67fcc4a1068c6f
21:49:08,323 INF packaging: Installed: libgcrypt-1.8.3-4.el8.x86_64 1573239762 fb886c8806902ca77fd5c37e447282ec2394b50903b41fac2a178d326652a9b1
21:49:08,387 INF packaging: Configuring (running scriptlet for): libgcrypt-1.8.3-4.el8.x86_64 1573239762 fb886c8806902ca77fd5c37e447282ec2394b50903b41fac2a178d326652a9b1
21:49:08,397 INF packaging: Installed: gzip-1.9-9.el8.x86_64 1573237568 6697e1ec0e3b6eedb1f7c1c25e1e4505926e1de929bb4235304f4a6f9faa5bcb
21:49:08,426 INF packaging: Configuring (running scriptlet for): gzip-1.9-9.el8.x86_64 1573237568 6697e1ec0e3b6eedb1f7c1c25e1e4505926e1de929bb4235304f4a6f9faa5bcb
21:49:08,436 INF packaging: Installed: cracklib-2.9.6-15.el8.x86_64 1557533913 dbbc9e20caabc30070354d91f61f383081f6d658e09d3c09e6df8764559e5aca
21:49:08,457 INF packaging: Installed: libunistring-0.9.9-3.el8.x86_64 1557538610 20bb189228afa589141d9c9d4ed457729d13c11608305387602d0b00ed0a3093
21:49:08,526 INF packaging: Installed: libidn2-2.2.0-1.el8.x86_64 1573240114 7e08785bd3cc0e09f9ab4bf600b98b705203d552cbb655269a939087987f1694
21:49:08,546 INF packaging: Installed: libassuan-2.5.1-3.el8.x86_64 1557537853 b49e8c674e462e3f494e825c5fca64002008cbf7a47bf131aa98b7f41678a6eb
21:49:08,560 INF packaging: Installed: file-libs-5.33-8.el8.x86_64 1557536878 fceec2421c96dbaab6e2678ab5dd6d6b1ce2ffc6e4e264054770fed510fd31d5
21:49:08,693 INF packaging: Installed: gdbm-libs-1:1.18-1.el8.x86_64 1557537017 3a3cb5a11f8e844cd1bf7c0e7bb6c12cc63e743029df50916ce7e6a9f8a4e169
21:49:08,705 INF packaging: Installed: keyutils-libs-1.5.10-6.el8.x86_64 1557537594 ae82944445464108e4932d18d4f915cc5e0b4763feb7337b2db7a3fdb77839e3
21:49:08,713 INF packaging: Installed: libtasn1-4.13-3.el8.x86_64 1557538463 e8d9697a8914226a2d3ed5a4523b85e8e70ac09cf90aae05395e6faee9858534
21:49:08,728 INF packaging: Configuring (running scriptlet for): libtasn1-4.13-3.el8.x86_64 1557538463 e8d9697a8914226a2d3ed5a4523b85e8e70ac09cf90aae05395e6faee9858534
21:49:08,761 INF packaging: Installed: p11-kit-trust-0.23.14-5.el8_0.x86_64 1561995988 297f3b3f427214d996f9a3c9d0a5e2ace1b1f30da770f69ca2e56bb074e5d434
21:49:08,787 INF packaging: Configuring (running scriptlet for): p11-kit-trust-0.23.14-5.el8_0.x86_64 1561995988 297f3b3f427214d996f9a3c9d0a5e2ace1b1f30da770f69ca2e56bb074e5d434
21:49:08,799 INF packaging: Installed: lzo-2.08-14.el8.x86_64 1557586709 5c68635cb03533a38d4a42f6547c21a1d5f9952351bb01f3cf865d2621a6e634
21:49:08,814 INF packaging: Installed: pcre-8.42-4.el8.x86_64 1557587733 96a45c43313c3b063529bca7fce7220ac7653c4809c3c32154863693e553f935
21:49:08,845 INF packaging: Installed: grep-3.1-6.el8.x86_64 1557537409 3f8ffe48bb481a5db7cbe42bf73b839d872351811e5df41b2f6697c61a030487
21:49:08,880 INF packaging: Configuring (running scriptlet for): grep-3.1-6.el8.x86_64 1557537409 3f8ffe48bb481a5db7cbe42bf73b839d872351811e5df41b2f6697c61a030487
21:49:08,893 INF packaging: Installed: systemd-libs-239-18.el8_1.1.x86_64 1578075343 7713d6692b3bc68f4d50efca91e8959a23ab6dc3ac04f4072a71f9096b770101
21:49:09,001 INF packaging: Configuring (running scriptlet for): systemd-libs-239-18.el8_1.1.x86_64 1578075343 7713d6692b3bc68f4d50efca91e8959a23ab6dc3ac04f4072a71f9096b770101
21:49:09,024 INF packaging: Installed: crypto-policies-20190807-1.git9b1477b.el8.noarch 1576516381 2d63eb375a83b7c50847e370edc668f404c1412a46b6f618ab598863996042cd
21:49:09,074 INF packaging: Configuring (running scriptlet for): crypto-policies-20190807-1.git9b1477b.el8.noarch 1576516381 2d63eb375a83b7c50847e370edc668f404c1412a46b6f618ab598863996042cd
21:49:09,214 INF packaging: Installed: dbus-libs-1:1.12.8-9.el8.x86_64 1573232032 527d6066d3ec8e4e681d6cbc5c46b9f2b39efa959ae6899bc8c1232a6d447923
21:49:09,240 INF packaging: Configuring (running scriptlet for): dbus-libs-1:1.12.8-9.el8.x86_64 1573232032 527d6066d3ec8e4e681d6cbc5c46b9f2b39efa959ae6899bc8c1232a6d447923
21:49:09,284 INF packaging: Configuring (running scriptlet for): ca-certificates-2019.2.32-80.0.el8_1.noarch 1576091956 f223fa4f5790aa54be68459c68848db6fe8dfc7f6ddde4acd4dca2434813af67
21:49:09,291 INF packaging: Installed: ca-certificates-2019.2.32-80.0.el8_1.noarch 1576091956 f223fa4f5790aa54be68459c68848db6fe8dfc7f6ddde4acd4dca2434813af67
21:49:09,351 INF packaging: Configuring (running scriptlet for): ca-certificates-2019.2.32-80.0.el8_1.noarch 1576091956 f223fa4f5790aa54be68459c68848db6fe8dfc7f6ddde4acd4dca2434813af67
21:49:09,820 INF packaging: Installed: openssl-libs-1:1.1.1c-2.el8.x86_64 1573249070 bc224714e6d17402fadc9db5ccc83c34b9eb158e2965b191922c1139a70f3727
21:49:10,043 INF packaging: Configuring (running scriptlet for): openssl-libs-1:1.1.1c-2.el8.x86_64 1573249070 bc224714e6d17402fadc9db5ccc83c34b9eb158e2965b191922c1139a70f3727
21:49:10,079 INF packaging: Installed: libdb-5.3.28-37.el8.x86_64 1573239930 f45993f87be2c9c7f2408a5479418cb9a0c2a28a9f316db0d82cff1518470776
21:49:10,189 INF packaging: Configuring (running scriptlet for): libdb-5.3.28-37.el8.x86_64 1573239930 f45993f87be2c9c7f2408a5479418cb9a0c2a28a9f316db0d82cff1518470776
21:49:10,210 INF packaging: Installed: kmod-libs-25-13.el8.x86_64 1573239024 972035ff06fe880ed9d431144b182cc962b75d0fe3dce8a48a05db088710153f
21:49:10,227 INF packaging: Configuring (running scriptlet for): kmod-libs-25-13.el8.x86_64 1573239024 972035ff06fe880ed9d431144b182cc962b75d0fe3dce8a48a05db088710153f
21:49:10,242 INF packaging: Installed: ima-evm-utils-1.1-5.el8.x86_64 1573238055 f913d2f31ad8565ebaea55fa577fed77aa350fb9042c409b6e63662ece3161ee
21:49:10,257 INF packaging: Installed: kmod-25-13.el8.x86_64 1573239024 af5e44dca2a5676bda6e766285f6078ccb236afd5440c4fec79931a5cbea2a6c
21:49:10,282 INF packaging: Installed: libdb-utils-5.3.28-37.el8.x86_64 1573239930 93e5537fdce10d06c0649cd85f5e29bf31e2d5486104cdfb236f9b0b0c35b280
21:49:10,320 INF packaging: Installed: libarchive-3.3.2-7.el8.x86_64 1573239308 44760571714f54745a333c1d197a5a4966350f7cb8147af9938e7644792ebf9e
21:49:10,374 INF packaging: Installed: dbus-tools-1:1.12.8-9.el8.x86_64 1573232032 2cd99ae8d49dbc7bf324b0b1166f389b7433671ce63e3c650f71ccd352fc5e83
21:49:10,389 INF packaging: Installed: dhcp-libs-12:4.3.6-34.el8.x86_64 1574177635 eb9fd036ec572b566a0b9fcd54f9cf5ad5be41fecedcf1a630099b78b1ec0ad5
21:49:10,403 INF packaging: Installed: libusbx-1.0.22-1.el8.x86_64 1557538671 8ff5069483db979abf138129983c15bc145239823dcd31c0ac81aa84bbfb61e4
21:49:10,416 INF packaging: Installed: procps-ng-3.3.15-1.el8.x86_64 1557588468 dbe1e4e3555c073e6731c3d8acdf8bbe1b9bafcaa5ccd263a7405178add13a27
21:49:10,479 INF packaging: Installed: xz-5.2.4-3.el8.x86_64 1557541139 02f10beaf61212427e0cd57140d050948eea0b533cf432d7bc4c10266c8b33db
21:49:10,505 INF packaging: Installed: squashfs-tools-4.3-19.el8.x86_64 1573254424 a0c8f83cef355dd98d7750e3d8eb3e9f3e9f8f5e9a3ee441cb4bc4014c647e31
21:49:10,529 INF packaging: Installed: gdbm-1:1.18-1.el8.x86_64 1557537017 76d81e433a5291df491d2e289de9b33d4e5b98dcf48fd0a003c2767415d3e0aa
21:49:10,550 INF packaging: Installed: libsemanage-2.9-1.el8.x86_64 1573487445 57778321b403436cb4e178b66a5aee3699d9f04981c575f02afc9210f6dbb898
21:49:10,575 INF packaging: Installed: shadow-utils-2:4.6-8.el8.x86_64 1573254328 e7790ddb34f9db041d48eb29d6926eeb170939b5689168b0828fd37750e18574
21:49:10,759 INF packaging: Configuring (running scriptlet for): libutempter-1.1.6-14.el8.x86_64 1557538847 c8c54c56bff9ca416c3ba6bccac483fb66c81a53d93a19420088715018ed5169
21:49:10,821 INF packaging: Installed: libutempter-1.1.6-14.el8.x86_64 1557538847 c8c54c56bff9ca416c3ba6bccac483fb66c81a53d93a19420088715018ed5169
21:49:10,833 INF packaging: Installed: libfdisk-2.32.1-17.el8.x86_64 1573255704 26709b96a98ee776c95517789f2d54138092a0b7e70b41a62a902cfa2974bb1e
21:49:10,861 INF packaging: Configuring (running scriptlet for): libfdisk-2.32.1-17.el8.x86_64 1573255704 26709b96a98ee776c95517789f2d54138092a0b7e70b41a62a902cfa2974bb1e
21:49:10,878 INF packaging: Installed: acl-2.2.53-1.el8.x86_64 1557533834 227de6071cd3aeca7e10ad386beaf38737d081e06350d02208a3f6a2c9710385
21:49:10,893 INF packaging: Installed: mpfr-3.1.6-1.el8.x86_64 1557539247 e7f0c34f83c1ec2abb22951779e84d51e234c4ba0a05252e4ffd8917461891a5
21:49:10,924 INF packaging: Configuring (running scriptlet for): mpfr-3.1.6-1.el8.x86_64 1557539247 e7f0c34f83c1ec2abb22951779e84d51e234c4ba0a05252e4ffd8917461891a5
21:49:10,936 INF packaging: Installed: nettle-3.4.1-1.el8.x86_64 1557539328 5d84a3a0ec3c27b50e002c1c27fa97971bf706cf7493a7382d518c5cad657da1
21:49:10,974 INF packaging: Configuring (running scriptlet for): nettle-3.4.1-1.el8.x86_64 1557539328 5d84a3a0ec3c27b50e002c1c27fa97971bf706cf7493a7382d518c5cad657da1
21:49:10,992 INF packaging: Installed: gnutls-3.6.8-8.el8.x86_64 1573513398 990cb05a14d70c62b7d51756ede9bade8cae904dce7671d6268366be901f8189
21:49:11,103 INF packaging: Installed: glib2-2.56.4-7.el8.x86_64 1573236972 f6df806dcd163b02d0b4edb5aa23f5e6fe6474b2e0abf265964d0e1c2f26cb74
21:49:11,427 INF packaging: Installed: snappy-1.1.7-5.el8.x86_64 1557589543 e78c64740cfa1837905fd5e4848d2bebc3c50149da76c979ecd8702f523dc902
21:49:11,433 INF packaging: Installed: libcomps-0.1.11-2.el8.x86_64 1573239469 2e086c34d7a31c4cdc5f95f0659dbee2b75f865bdeeb483d58cb3c16519234ca
21:49:11,446 INF packaging: Installed: libmetalink-0.1.3-7.el8.x86_64 1557538162 c4087dec9ffc6e6a164563c46ef09bc0c0bbb5cb992f5fbc8cd3bf20417750e1
21:49:11,454 INF packaging: Installed: findutils-1:4.6.0-20.el8.x86_64 1557536961 811eb112646b7d87773c65af47efdca975468f3e5df44aa9944e30de24d83890
21:49:11,503 INF packaging: Configuring (running scriptlet for): findutils-1:4.6.0-20.el8.x86_64 1557536961 811eb112646b7d87773c65af47efdca975468f3e5df44aa9944e30de24d83890
21:49:11,514 INF packaging: Installed: libksba-1.3.5-7.el8.x86_64 1557538107 e6d3476e9996fb49632744be169f633d92900f5b7151db233501167a9018d240
21:49:11,535 INF packaging: Installed: cpio-2.12-8.el8.x86_64 1557535279 c5bf206709fc7895b1ba51073d5984d3df562b94b80e0144a809a930284f0288
21:49:11,566 INF packaging: Installed: ethtool-2:5.0-2.el8.x86_64 1573235676 4a64f67b3f0f6932d003d403c0ecbcd91cf44e7a54f9fa7e68afbd1117f3f13c
21:49:11,587 INF packaging: Installed: ipcalc-0.2.4-3.el8.x86_64 1557584423 c685e73fcc004751964ebb497b49a8132e7cf07413dba2bdad086a3d5c3bb8a1
21:49:11,594 INF packaging: Installed: libmnl-1.0.4-6.el8.x86_64 1557585097 30fab73ee155f03dbbd99c1e30fe59dfba4ae8fdb2e7213451ccc36d6918bfcc
21:49:11,603 INF packaging: Configuring (running scriptlet for): libmnl-1.0.4-6.el8.x86_64 1557585097 30fab73ee155f03dbbd99c1e30fe59dfba4ae8fdb2e7213451ccc36d6918bfcc
21:49:11,647 INF packaging: Installed: iproute-4.18.0-15.el8.x86_64 1573238385 7804db86e8770fca03f80e8acfebdbeac4acf06151c35b10d410d97b98971f7b
21:49:11,743 INF packaging: Installed: libnghttp2-1.33.0-1.el8_0.1.x86_64 1576601266 979b082869442de61245d003c050b5c9797eef99019189adbd0ab7a054f3619b
21:49:11,756 INF packaging: Installed: libpcap-14:1.9.0-3.el8.x86_64 1576255342 59d387adafdee640abc4639bdde9e2cde08db8a4ae88a8cfe981556f7d9127d9
21:49:11,776 INF packaging: Installed: iptables-libs-1.8.2-16.el8.x86_64 1573238451 9ac0abced7c4614579a7394424c5ec6abf42b5fea0b8f4d354a55d7f99c3ea39
21:49:11,788 INF packaging: Installed: libseccomp-2.4.1-1.el8.x86_64 1573244731 0596152afee19368fb13122e4a9869ea7600a566cf2b07f0427e67d1c1052099
21:49:11,805 INF packaging: Configuring (running scriptlet for): libseccomp-2.4.1-1.el8.x86_64 1573244731 0596152afee19368fb13122e4a9869ea7600a566cf2b07f0427e67d1c1052099
21:49:11,821 INF packaging: Installed: libsigsegv-2.11-5.el8.x86_64 1557538364 02d728cf74eb47005babeeab5ac68ca04472c643203a1faef0037b5f33710fe2
21:49:11,830 INF packaging: Installed: gawk-4.2.1-1.el8.x86_64 1557534106 5daf8c72daefddf2b0392c8bd3d73865b51386a06983dffe6128cf4ba9de7b90
21:49:11,936 INF packaging: Installed: libverto-0.3.0-5.el8.x86_64 1557538733 f95f673fc9236dc712270a343807cdac06297d847001e78cd707482c751b2d0d
21:49:11,942 INF packaging: Installed: krb5-libs-1.17-9.el8.x86_64 1573238947 3759163be1bbf1f42e669eb5bf19cec7a87051b514366bdab11a0d27297bb1b9
21:49:12,057 INF packaging: Installed: libtirpc-1.1.4-4.el8.x86_64 1573245338 4d7acc5861e8fbd998d0b76e93694f2b152fe98e7782cc4307a2d3103e987d11
21:49:12,075 INF packaging: Configuring (running scriptlet for): libtirpc-1.1.4-4.el8.x86_64 1573245338 4d7acc5861e8fbd998d0b76e93694f2b152fe98e7782cc4307a2d3103e987d11
21:49:12,104 INF packaging: Installed: libnsl2-1.2.0-2.20180605git4a062cf.el8.x86_64 1557538193 5846c73edfa2ff673989728e9621cce6a1369eb2f8a269ac5205c381a10d327a
21:49:12,117 INF packaging: Configuring (running scriptlet for): libnsl2-1.2.0-2.20180605git4a062cf.el8.x86_64 1557538193 5846c73edfa2ff673989728e9621cce6a1369eb2f8a269ac5205c381a10d327a
21:49:12,138 INF packaging: Installed: platform-python-pip-9.0.3-15.el8.noarch 1573239287 3bb7989fd8bbd4c7abde093a492755040c2ef922fdb08adb8d914e182285cfff
21:49:12,794 INF packaging: Installed: platform-python-setuptools-39.2.0-5.el8.noarch 1573572823 d300ce0fa3a0c6a91d50c5f6a8f5988c014b07b431267b857fcd057b8bf10301
21:49:13,004 INF packaging: Installed: platform-python-3.6.8-15.1.el8.x86_64 1574367056 66490df6cbf25f44651065f5fe189e9aa7c1112af9247f7fd79458ac85bb351f
21:49:13,010 INF packaging: Configuring (running scriptlet for): platform-python-3.6.8-15.1.el8.x86_64 1574367056 66490df6cbf25f44651065f5fe189e9aa7c1112af9247f7fd79458ac85bb351f
21:49:13,034 INF packaging: Installed: python3-libs-3.6.8-15.1.el8.x86_64 1574367056 9212845d53c09d91d4b429f8056796dc083fbf053a53353b29fa909229047b75
21:49:15,260 INF packaging: Installed: libpwquality-1.4.0-9.el8.x86_64 1557538248 343e1994c432d8245a80bc6e1e123374d5653739a9a9d0b1d6e1061ac8358853
21:49:15,280 INF packaging: Installed: pam-1.3.1-4.el8.x86_64 1557540063 948c1face1e1072a9c5915545d0bff26a02a4ed3980ffad4836fefb5b4c371c7
21:49:15,417 INF packaging: Configuring (running scriptlet for): pam-1.3.1-4.el8.x86_64 1557540063 948c1face1e1072a9c5915545d0bff26a02a4ed3980ffad4836fefb5b4c371c7
21:49:15,552 INF packaging: Installed: util-linux-2.32.1-17.el8.x86_64 1573255704 0d8afd946c69c442fca728a49acd9bba544bcde8ce6221b5d2e586093bc10625
21:49:15,996 INF packaging: Configuring (running scriptlet for): util-linux-2.32.1-17.el8.x86_64 1573255704 0d8afd946c69c442fca728a49acd9bba544bcde8ce6221b5d2e586093bc10625
21:49:16,012 INF packaging: Installed: libcurl-minimal-7.61.1-11.el8.x86_64 1573233245 cd143ee1fef864fc7985837868f586dfd1dbc1c90fbb9446fc24643249f1702a
21:49:16,045 INF packaging: Installed: curl-7.61.1-11.el8.x86_64 1573233245 077b58bef63294991c183eac62dc6632568ca550daa06c55bd622fa8e432bbc4
21:49:16,078 INF packaging: Installed: rpm-4.14.2-25.el8.x86_64 1573253774 e7e6672853024b16337a6c186dee8f0d1fcbec3dc0c91c72e3d95cb4fbc58aa7
21:49:16,197 INF packaging: Installed: rpm-libs-4.14.2-25.el8.x86_64 1573253774 2ea09748f2c6cf9ebcda34555c78a13d67f8f4505c1b576ec4ee05d4a0f87bd0
21:49:16,236 INF packaging: Configuring (running scriptlet for): rpm-libs-4.14.2-25.el8.x86_64 1573253774 2ea09748f2c6cf9ebcda34555c78a13d67f8f4505c1b576ec4ee05d4a0f87bd0
21:49:16,252 INF packaging: Installed: libsolv-0.7.4-3.el8.x86_64 1573245032 0f020e8ab4a8b052106a2b6499c67b0f8fd36491859adb54b63ece5e56061240
21:49:16,294 INF packaging: Installed: python3-libcomps-0.1.11-2.el8.x86_64 1573239469 3a79a7c914225581f971f02e013bd9a6874376d8f3efa67c94cfef5daf27aeab
21:49:16,306 INF packaging: Installed: bind-export-libs-32:9.11.4-26.P2.el8.x86_64 1573498257 9498bf24cfffbe36f9ccd748eacef9588fcc3660bcee4fbf2fc240f8ede92cc3
21:49:16,456 INF packaging: Configuring (running scriptlet for): bind-export-libs-32:9.11.4-26.P2.el8.x86_64 1573498257 9498bf24cfffbe36f9ccd748eacef9588fcc3660bcee4fbf2fc240f8ede92cc3
21:49:16,469 INF packaging: Installed: cyrus-sasl-lib-2.1.27-1.el8.x86_64 1573232210 d160310fc4a31a400596ee4cf9234e4440c45e8969a6d8ed8478439a9622a478
21:49:16,499 INF packaging: Configuring (running scriptlet for): cyrus-sasl-lib-2.1.27-1.el8.x86_64 1573232210 d160310fc4a31a400596ee4cf9234e4440c45e8969a6d8ed8478439a9622a478
21:49:16,511 INF packaging: Installed: openldap-2.4.46-10.el8.x86_64 1573247828 e4bb63939d76fbfa745765f8689582bdf1cda1d6b28e63cd3899baa210f23090
21:49:16,567 INF packaging: Installed: libyaml-0.1.7-5.el8.x86_64 1557586361 00d537a434b1c2896dada83deb359d71fd005772031c73499c72f2cbd34521c5
21:49:16,578 INF packaging: Installed: libmodulemd1-1.8.11-4.el8_1.x86_64 1576093073 fa66bcb0a39c7b79813abf544df31b9c09b941eb2e1c01bd294608612479ace9
21:49:16,606 INF packaging: Installed: npth-1.5-4.el8.x86_64 1557539615 168ab5dbc86b836b8742b2e63eee51d074f1d790728e3d30b0c59fff93cf1d8d
21:49:16,614 INF packaging: Installed: gnupg2-2.2.9-1.el8.x86_64 1557537304 1526b8fe3b26371f6cfe57206321c5dad5b842a77df63ab6523c980be461701e
21:49:16,907 INF packaging: Installed: gpgme-1.10.0-6.el8.0.1.x86_64 1557965227 602f0c27e1f612a9f099152678b7ebb7a273c0ce6da70f5ad3e688c0d0461dc2
21:49:16,936 INF packaging: Installed: librepo-1.10.3-3.el8.x86_64 1573240420 078ba6da385ea20b61bebb67aef6844c73e1a265a95485fcf145db7c2da8d465
21:49:16,950 INF packaging: Installed: libdnf-0.35.1-9.el8_1.x86_64 1576095087 6051595715843d4bdafdbf6a557b062c55a180ea229cbb840d3753296835b6d4
21:49:17,030 INF packaging: Installed: python3-libdnf-0.35.1-9.el8_1.x86_64 1576095087 bdb4cb238cb55e82171bce160818fdb7557c73badcc69e03e8f06fb02a2fd523
21:49:17,154 INF packaging: Installed: python3-hawkey-0.35.1-9.el8_1.x86_64 1576095087 9edd377e9ccad2054842b688b4e6552807f03d472d8ea424d09590aa97466dea
21:49:17,174 INF packaging: Installed: python3-gpg-1.10.0-6.el8.0.1.x86_64 1557965227 5e44412bcf9dae2d330d854a00f62379a6784eed0c8b2ca715586586683d70c0
21:49:17,255 INF packaging: Installed: libreport-filesystem-2.9.5-9.el8.x86_64 1574181645 8d886ef190fbb2adb4a7b29e43e312de88d91a4716598d319303fa7ab192e2a8
21:49:17,260 INF packaging: Installed: dnf-data-4.2.7-7.el8_1.noarch 1576770263 896ae1e03e45a1aec04367da33a59a91027c57d63c2379ef66f10848bf09fe91
21:49:17,272 INF packaging: Installed: dhcp-common-12:4.3.6-34.el8.noarch 1574177723 ba2a96d422a773e05e9bacff9f59995ed933f180fcad0cb031e5198fec753101
21:49:17,286 INF packaging: Installed: dbus-common-1:1.12.8-9.el8.noarch 1573230909 cf8c41f6d9795ebb1176025816ac22ea5b40de5d3a1084e2fcff53a6bd2fc766
21:49:17,293 INF packaging: Configuring (running scriptlet for): dbus-daemon-1:1.12.8-9.el8.x86_64 1573232032 e22bcdf42fc46a049b4287068efacf7eaa5352bee7401aa014a2abad5d485e22
21:49:17,345 INF packaging: Installed: dbus-daemon-1:1.12.8-9.el8.x86_64 1573232032 e22bcdf42fc46a049b4287068efacf7eaa5352bee7401aa014a2abad5d485e22
21:49:17,382 INF packaging: Configuring (running scriptlet for): dbus-daemon-1:1.12.8-9.el8.x86_64 1573232032 e22bcdf42fc46a049b4287068efacf7eaa5352bee7401aa014a2abad5d485e22
21:49:17,397 INF packaging: Installed: device-mapper-8:1.02.163-5.el8.0.1.x86_64 1578076726 52192ba7669f457f57fc31dd27098c49ba5756705ef499b006104b4568d16a0b
21:49:17,426 INF packaging: Installed: device-mapper-libs-8:1.02.163-5.el8.0.1.x86_64 1578076726 06780d7cb20b16b80e517913716f70fba04f32420ad4ff37044f16fad9c9dfa1
21:49:17,454 INF packaging: Installed: cryptsetup-libs-2.2.0-2.el8.x86_64 1573231680 609713b414ad2b1a9fcd94d88e3af3dbeccff7345bd76fc25b8f0b96d3b426f5
21:49:17,514 INF packaging: Configuring (running scriptlet for): cryptsetup-libs-2.2.0-2.el8.x86_64 1573231680 609713b414ad2b1a9fcd94d88e3af3dbeccff7345bd76fc25b8f0b96d3b426f5
21:49:17,528 INF packaging: Installed: elfutils-default-yama-scope-0.176-5.el8.noarch 1574179287 0413fcea9c722f7283109667db9225e352c71245e393438aa9b24f4b45ff385b
21:49:17,533 INF packaging: Configuring (running scriptlet for): elfutils-default-yama-scope-0.176-5.el8.noarch 1574179287 0413fcea9c722f7283109667db9225e352c71245e393438aa9b24f4b45ff385b
21:49:17,544 INF packaging: Installed: elfutils-libs-0.176-5.el8.x86_64 1574179223 be7ea669024d0bbfb52937243d03d2a1c4e57976d4fcc69801be618e1b036017
21:49:17,615 INF packaging: Installed: systemd-pam-239-18.el8_1.1.x86_64 1578075343 40c0cb3b5df66d7f3734a45a142bf90a29fc27f05d3a01ae9ca9ebd8890b0e84
21:49:17,644 INF packaging: Configuring (running scriptlet for): systemd-239-18.el8_1.1.x86_64 1578075343 1442bd82be3282daebe912a8ad8c67ceaeaea6120a0e5362ba83a1f9c7b37b70
21:49:17,817 INF packaging: Installed: systemd-239-18.el8_1.1.x86_64 1578075343 1442bd82be3282daebe912a8ad8c67ceaeaea6120a0e5362ba83a1f9c7b37b70
21:49:18,506 INF packaging: Configuring (running scriptlet for): systemd-239-18.el8_1.1.x86_64 1578075343 1442bd82be3282daebe912a8ad8c67ceaeaea6120a0e5362ba83a1f9c7b37b70
21:49:18,589 INF packaging: Installed: dbus-1:1.12.8-9.el8.x86_64 1573232032 83597b815e0f7e78a12527ce75a280aba276e335da1128276b3b60dfa21709f8
21:49:18,591 INF packaging: Installed: iputils-20180629-2.el8.x86_64 1573238506 0833255a222fd269dd507340219ca8483924798c1ecae60da5a1db923dbad68f
21:49:18,619 INF packaging: Configuring (running scriptlet for): iputils-20180629-2.el8.x86_64 1573238506 0833255a222fd269dd507340219ca8483924798c1ecae60da5a1db923dbad68f
21:49:18,638 INF packaging: Installed: dhcp-client-12:4.3.6-34.el8.x86_64 1574177635 ef9a0775944fd3d02c977e70e02645a4736533394dab415554b89b01ca7ab2df
21:49:18,674 INF packaging: Installed: libkcapi-1.1.1-16_1.el8.x86_64 1557585430 5ad05773c3f244d697024367129b2fffdc639f34e298806215f894bb06a233a1
21:49:18,685 INF packaging: Installed: libkcapi-hmaccalc-1.1.1-16_1.el8.x86_64 1557585430 ace3fc0e68568a10d8d64711eb62c06f7334333b5b13cec8d9ee7e7f8ae3aaed
21:49:18,696 INF packaging: Installed: systemd-udev-239-18.el8_1.1.x86_64 1578075343 0c908bb7f1ee2fa4b3e4747444a93064086b83cc46e33096e5ba315d55b438b5
21:49:18,980 INF packaging: Configuring (running scriptlet for): systemd-udev-239-18.el8_1.1.x86_64 1578075343 0c908bb7f1ee2fa4b3e4747444a93064086b83cc46e33096e5ba315d55b438b5
21:49:19,265 INF packaging: Installed: dracut-049-27.git20190906.el8_1.1.x86_64 1578075167 3d42196b907e4e9e7116294df087665d84f0e335f51dfcec9163f34fca422d23
21:49:19,445 INF packaging: Installed: dracut-network-049-27.git20190906.el8_1.1.x86_64 1578075167 af32aa1b801f5d3a99fff7c95da91cdd692aa388adeefce4121ca3548040b39c
21:49:19,491 INF packaging: Installed: dracut-squash-049-27.git20190906.el8_1.1.x86_64 1578075167 afbff45fc50f87b5dcd4f73318ba68036e6d54853da5cfb4dc02b77bbdc927b5
21:49:19,498 INF packaging: Installed: rpm-build-libs-4.14.2-25.el8.x86_64 1573253774 b06160cacd7682b4ee9cc122a8348f990a928e3b3f775d79781bd2f4a5ab0851
21:49:19,515 INF packaging: Configuring (running scriptlet for): rpm-build-libs-4.14.2-25.el8.x86_64 1573253774 b06160cacd7682b4ee9cc122a8348f990a928e3b3f775d79781bd2f4a5ab0851
21:49:19,529 INF packaging: Installed: python3-rpm-4.14.2-25.el8.x86_64 1573253774 cd55c85e677d734aef5041f6c3148cf7f93f3545383fea1db2ab36a05e618436
21:49:19,562 INF packaging: Installed: python3-dnf-4.2.7-7.el8_1.noarch 1576770263 6a2bcc5e243e330a0eac7ac21c16df3e8aeb6c0a19c635568e734dee31f1493e
21:49:19,736 INF packaging: Installed: dnf-4.2.7-7.el8_1.noarch 1576770263 36bfe110fb40a28b833d69f38a082a0f8f38c0c9fbf12b6c981521edf92a15fc
21:49:19,784 INF packaging: Configuring (running scriptlet for): dnf-4.2.7-7.el8_1.noarch 1576770263 36bfe110fb40a28b833d69f38a082a0f8f38c0c9fbf12b6c981521edf92a15fc
21:49:19,802 INF packaging: Installed: yum-4.2.7-7.el8_1.noarch 1576770263 8fbe43b831d44d00a1230c28a318d7d6afd594a43863d0dffd1c156c1493f27e
21:49:19,813 INF packaging: Installed: kexec-tools-2.0.19-12.el8_1.1.x86_64 1578075973 deb244be794ea6eb263f0017923c40345ef158a0b274757ba6039ab8f9671eef
21:49:19,891 INF packaging: Configuring (running scriptlet for): kexec-tools-2.0.19-12.el8_1.1.x86_64 1578075973 deb244be794ea6eb263f0017923c40345ef158a0b274757ba6039ab8f9671eef
21:49:19,914 INF packaging: Installed: binutils-2.30-58.el8.0.1.x86_64 1578671760 12b424c7ff36bd0e3a5d45ec926fa42c5fae06972ccb9bcb1dd00d2156ac03d7
21:49:20,643 INF packaging: Configuring (running scriptlet for): binutils-2.30-58.el8.0.1.x86_64 1578671760 12b424c7ff36bd0e3a5d45ec926fa42c5fae06972ccb9bcb1dd00d2156ac03d7
21:49:20,681 INF packaging: Installed: tar-2:1.30-4.el8.x86_64 1557541084 2b861aa67c21b6ca695bbff7a3967f89c3b0af53271552ec3eab21af136b0dbb
21:49:20,760 INF packaging: Configuring (running scriptlet for): tar-2:1.30-4.el8.x86_64 1557541084 2b861aa67c21b6ca695bbff7a3967f89c3b0af53271552ec3eab21af136b0dbb
21:49:20,771 INF packaging: Installed: vim-minimal-2:8.0.1763-13.el8.x86_64 1573499329 2bf56823ac206cd882724d132af6465e0ae44c1631f84baffe8c6df80569b81e
21:49:20,840 INF packaging: Installed: hostname-3.20-6.el8.x86_64 1557584275 7a7963e2052bfb45b8569f64619dc5cb92fe8aeb78c754b7cf948b9784646785
21:49:20,850 INF packaging: Configuring (running scriptlet for): hostname-3.20-6.el8.x86_64 1557584275 7a7963e2052bfb45b8569f64619dc5cb92fe8aeb78c754b7cf948b9784646785
21:49:20,868 INF packaging: Installed: less-530-1.el8.x86_64 1557584772 f94172554b8ceeab97b560d0b05c2e2df4b2e737471adce6eca82fd3209be254
21:49:20,894 INF packaging: Installed: langpacks-en-1.0-12.el8.noarch 1557795722 c99db07c2548246f6b2ec98c1d2b536e40b2f4dbba39f3430044868a27985732
21:49:20,897 INF packaging: Installed: rootfiles-8.1-22.el8.noarch 1557588938 d967d6bbb33bf7a295a64807f81875c84e82a8ecc59b6c72fe955141b1660d39
21:49:20,900 INF packaging: Post installation setup phase started.
21:49:20,918 INF packaging: Configuring (running scriptlet for): filesystem-3.8-2.el8.x86_64 1557534820 351293e23886ba1e3de8790141f616b3152692c48924ccb61d96bf7ff3ca9aee
21:49:20,933 INF packaging: Configuring (running scriptlet for): rootfiles-8.1-22.el8.noarch 1557588938 d967d6bbb33bf7a295a64807f81875c84e82a8ecc59b6c72fe955141b1660d39
21:49:20,968 INF packaging: Configuring (running scriptlet for): glibc-common-2.28-72.el8.x86_64 1573009951 c74f76e4201bd1f8144939e3b35a24a99082d2499baa9aac6d8a52097d6fac09
21:49:21,002 INF packaging: Configuring (running scriptlet for): info-6.5-4.el8.x86_64 1557540611 8d41c1a7a08d57fa3116d3a3c59c5c7a928dc6191da8974c092132f45a1b4c20
21:49:21,069 INF packaging: Configuring (running scriptlet for): glib2-2.56.4-7.el8.x86_64 1573236972 f6df806dcd163b02d0b4edb5aa23f5e6fe6474b2e0abf265964d0e1c2f26cb74
21:49:21,138 INF packaging: Configuring (running scriptlet for): systemd-239-18.el8_1.1.x86_64 1578075343 1442bd82be3282daebe912a8ad8c67ceaeaea6120a0e5362ba83a1f9c7b37b70
21:49:21,157 INF packaging: Configuring (running scriptlet for): systemd-239-18.el8_1.1.x86_64 1578075343 1442bd82be3282daebe912a8ad8c67ceaeaea6120a0e5362ba83a1f9c7b37b70
21:49:21,170 INF packaging: Configuring (running scriptlet for): systemd-239-18.el8_1.1.x86_64 1578075343 1442bd82be3282daebe912a8ad8c67ceaeaea6120a0e5362ba83a1f9c7b37b70
21:49:21,185 INF packaging: Configuring (running scriptlet for): systemd-239-18.el8_1.1.x86_64 1578075343 1442bd82be3282daebe912a8ad8c67ceaeaea6120a0e5362ba83a1f9c7b37b70
21:49:21,198 INF packaging: Configuring (running scriptlet for): systemd-239-18.el8_1.1.x86_64 1578075343 1442bd82be3282daebe912a8ad8c67ceaeaea6120a0e5362ba83a1f9c7b37b70
21:49:21,224 INF packaging: Configuring (running scriptlet for): systemd-udev-239-18.el8_1.1.x86_64 1578075343 0c908bb7f1ee2fa4b3e4747444a93064086b83cc46e33096e5ba315d55b438b5
21:49:22,045 INF packaging: Configuring (running scriptlet for): systemd-udev-239-18.el8_1.1.x86_64 1578075343 0c908bb7f1ee2fa4b3e4747444a93064086b83cc46e33096e5ba315d55b438b5
21:49:22,095 Level 8 dnf: RPM transaction over.
21:49:22,240 INF packaging: Verifying: acl-2.2.53-1.el8.x86_64 1557533834 227de6071cd3aeca7e10ad386beaf38737d081e06350d02208a3f6a2c9710385
21:49:22,240 Level 8 dnf: timer: verify transaction: 137 ms
21:49:22,241 Level 8 dnf: timer: transaction: 19713 ms
21:49:22,242 INF packaging: Verifying: audit-libs-3.0-0.10.20180831git0047a6c.el8.x86_64 1557534186 11329dabc81fd47d25aef6022949e1cf1e5973aeea54f437647bafa7d4cfc242
21:49:22,243 Level 8 dnf: Cleaning up.
21:49:22,243 INF packaging: Verifying: basesystem-11-5.el8.noarch 1557533944 48226934763e4c412c1eb65df314e6879720b4b1ebcb3d07c126c9526639cb68
21:49:22,243 INF packaging: Verifying: bash-4.4.19-10.el8.x86_64 1573230816 f07777300c4827aa8c2145aa78dd0f962348ba9f4cfa27baaf6e9f1a1ca0282a
21:49:22,244 INF packaging: Verifying: bind-export-libs-32:9.11.4-26.P2.el8.x86_64 1573498257 9498bf24cfffbe36f9ccd748eacef9588fcc3660bcee4fbf2fc240f8ede92cc3
21:49:22,244 INF packaging: Verifying: binutils-2.30-58.el8.0.1.x86_64 1578671760 12b424c7ff36bd0e3a5d45ec926fa42c5fae06972ccb9bcb1dd00d2156ac03d7
21:49:22,244 INF packaging: Verifying: bzip2-libs-1.0.6-26.el8.x86_64 1557535203 19d66d152b745dbd49cea9d21c52aec0ec4d4321edef97a342acd3542404fa31
21:49:22,245 INF packaging: Verifying: ca-certificates-2019.2.32-80.0.el8_1.noarch 1576091956 f223fa4f5790aa54be68459c68848db6fe8dfc7f6ddde4acd4dca2434813af67
21:49:22,245 INF packaging: Verifying: centos-gpg-keys-8.1-1.1911.0.8.el8.noarch 1577978521 e32102ff6751b1fa27b81baed961c43125840a1bc84a9d01f8b539ba4a3b30bc
21:49:22,245 INF packaging: Verifying: centos-release-8.1-1.1911.0.8.el8.x86_64 1577978472 0085469057ea505c2669742f38bd6f311b5b814179b0c55da1fc872504ba1251
21:49:22,246 INF packaging: Verifying: centos-repos-8.1-1.1911.0.8.el8.x86_64 1577978472 d8f9c44624845c547f7caa64144aded338a51fc7689f8da966cc07c1ea04a28d
21:49:22,246 Level 8 dnf: /tmp/dnf.package.cache/xz-5.2.4-3.el8.x86_64.rpm removed
21:49:22,246 Level 8 dnf: /tmp/dnf.package.cache/dnf-4.2.7-7.el8_1.noarch.rpm removed
21:49:22,246 INF packaging: Verifying: chkconfig-1.11-1.el8.x86_64 1557533964 69bdf0e650a4a1dde5e7f217be7f082d10d14e2692859805b7732cb3daf02a9d
21:49:22,247 Level 8 dnf: /tmp/dnf.package.cache/libdb-5.3.28-37.el8.x86_64.rpm removed
21:49:22,247 Level 8 dnf: /tmp/dnf.package.cache/libverto-0.3.0-5.el8.x86_64.rpm removed
21:49:22,247 INF packaging: Verifying: coreutils-single-8.30-6.el8.x86_64 1557590922 b8659e9fa460b21d7ef02730f5d55fe4a8bf8a86f6dd5b220034643154a70c79
21:49:22,247 Level 8 dnf: /tmp/dnf.package.cache/elfutils-libelf-0.176-5.el8.x86_64.rpm removed
21:49:22,248 INF packaging: Verifying: cpio-2.12-8.el8.x86_64 1557535279 c5bf206709fc7895b1ba51073d5984d3df562b94b80e0144a809a930284f0288
21:49:22,248 Level 8 dnf: /tmp/dnf.package.cache/systemd-udev-239-18.el8_1.1.x86_64.rpm removed
21:49:22,248 Level 8 dnf: /tmp/dnf.package.cache/elfutils-default-yama-scope-0.176-5.el8.noarch.rpm removed
21:49:22,249 INF packaging: Verifying: cracklib-2.9.6-15.el8.x86_64 1557533913 dbbc9e20caabc30070354d91f61f383081f6d658e09d3c09e6df8764559e5aca
21:49:22,249 Level 8 dnf: /tmp/dnf.package.cache/chkconfig-1.11-1.el8.x86_64.rpm removed
21:49:22,249 INF packaging: Verifying: crypto-policies-20190807-1.git9b1477b.el8.noarch 1576516381 2d63eb375a83b7c50847e370edc668f404c1412a46b6f618ab598863996042cd
21:49:22,249 Level 8 dnf: /tmp/dnf.package.cache/glib2-2.56.4-7.el8.x86_64.rpm removed
21:49:22,250 INF packaging: Verifying: cryptsetup-libs-2.2.0-2.el8.x86_64 1573231680 609713b414ad2b1a9fcd94d88e3af3dbeccff7345bd76fc25b8f0b96d3b426f5
21:49:22,250 Level 8 dnf: /tmp/dnf.package.cache/libmnl-1.0.4-6.el8.x86_64.rpm removed
21:49:22,250 INF packaging: Verifying: curl-7.61.1-11.el8.x86_64 1573233245 077b58bef63294991c183eac62dc6632568ca550daa06c55bd622fa8e432bbc4
21:49:22,250 Level 8 dnf: /tmp/dnf.package.cache/libsemanage-2.9-1.el8.x86_64.rpm removed
21:49:22,251 Level 8 dnf: /tmp/dnf.package.cache/ncurses-libs-6.1-7.20180224.el8.x86_64.rpm removed
21:49:22,251 INF packaging: Verifying: cyrus-sasl-lib-2.1.27-1.el8.x86_64 1573232210 d160310fc4a31a400596ee4cf9234e4440c45e8969a6d8ed8478439a9622a478
21:49:22,251 Level 8 dnf: /tmp/dnf.package.cache/dracut-network-049-27.git20190906.el8_1.1.x86_64.rpm removed
21:49:22,251 INF packaging: Verifying: dbus-1:1.12.8-9.el8.x86_64 1573232032 83597b815e0f7e78a12527ce75a280aba276e335da1128276b3b60dfa21709f8
21:49:22,252 Level 8 dnf: /tmp/dnf.package.cache/keyutils-libs-1.5.10-6.el8.x86_64.rpm removed
21:49:22,252 INF packaging: Verifying: dbus-common-1:1.12.8-9.el8.noarch 1573230909 cf8c41f6d9795ebb1176025816ac22ea5b40de5d3a1084e2fcff53a6bd2fc766
21:49:22,252 Level 8 dnf: /tmp/dnf.package.cache/util-linux-2.32.1-17.el8.x86_64.rpm removed
21:49:22,252 INF packaging: Verifying: dbus-daemon-1:1.12.8-9.el8.x86_64 1573232032 e22bcdf42fc46a049b4287068efacf7eaa5352bee7401aa014a2abad5d485e22
21:49:22,253 Level 8 dnf: /tmp/dnf.package.cache/rootfiles-8.1-22.el8.noarch.rpm removed
21:49:22,253 Level 8 dnf: /tmp/dnf.package.cache/mpfr-3.1.6-1.el8.x86_64.rpm removed
21:49:22,254 Level 8 dnf: /tmp/dnf.package.cache/centos-gpg-keys-8.1-1.1911.0.8.el8.noarch.rpm removed
21:49:22,255 Level 8 dnf: /tmp/dnf.package.cache/p11-kit-0.23.14-5.el8_0.x86_64.rpm removed
21:49:22,255 Level 8 dnf: /tmp/dnf.package.cache/libattr-2.4.48-3.el8.x86_64.rpm removed
21:49:22,256 Level 8 dnf: /tmp/dnf.package.cache/python3-rpm-4.14.2-25.el8.x86_64.rpm removed
21:49:22,256 Level 8 dnf: /tmp/dnf.package.cache/lz4-libs-1.8.1.2-4.el8.x86_64.rpm removed
21:49:22,256 Level 8 dnf: /tmp/dnf.package.cache/libsmartcols-2.32.1-17.el8.x86_64.rpm removed
21:49:22,256 Level 8 dnf: /tmp/dnf.package.cache/python3-dnf-4.2.7-7.el8_1.noarch.rpm removed
21:49:22,256 Level 8 dnf: /tmp/dnf.package.cache/dbus-daemon-1.12.8-9.el8.x86_64.rpm removed
21:49:22,256 Level 8 dnf: /tmp/dnf.package.cache/procps-ng-3.3.15-1.el8.x86_64.rpm removed
21:49:22,257 Level 8 dnf: /tmp/dnf.package.cache/dracut-squash-049-27.git20190906.el8_1.1.x86_64.rpm removed
21:49:22,257 Level 8 dnf: /tmp/dnf.package.cache/curl-7.61.1-11.el8.x86_64.rpm removed
21:49:22,257 Level 8 dnf: /tmp/dnf.package.cache/sed-4.5-1.el8.x86_64.rpm removed
21:49:22,257 Level 8 dnf: /tmp/dnf.package.cache/ethtool-5.0-2.el8.x86_64.rpm removed
21:49:22,257 Level 8 dnf: /tmp/dnf.package.cache/libselinux-2.9-2.1.el8.x86_64.rpm removed
21:49:22,257 Level 8 dnf: /tmp/dnf.package.cache/iputils-20180629-2.el8.x86_64.rpm removed
21:49:22,258 Level 8 dnf: /tmp/dnf.package.cache/systemd-pam-239-18.el8_1.1.x86_64.rpm removed
21:49:22,258 Level 8 dnf: /tmp/dnf.package.cache/libgcrypt-1.8.3-4.el8.x86_64.rpm removed
21:49:22,258 Level 8 dnf: /tmp/dnf.package.cache/libpcap-1.9.0-3.el8.x86_64.rpm removed
21:49:22,258 Level 8 dnf: /tmp/dnf.package.cache/expat-2.2.5-3.el8.x86_64.rpm removed
21:49:22,258 INF packaging: Verifying: dbus-libs-1:1.12.8-9.el8.x86_64 1573232032 527d6066d3ec8e4e681d6cbc5c46b9f2b39efa959ae6899bc8c1232a6d447923
21:49:22,258 Level 8 dnf: /tmp/dnf.package.cache/readline-7.0-10.el8.x86_64.rpm removed
21:49:22,258 Level 8 dnf: /tmp/dnf.package.cache/gpgme-1.10.0-6.el8.0.1.x86_64.rpm removed
21:49:22,259 Level 8 dnf: /tmp/dnf.package.cache/libkcapi-1.1.1-16_1.el8.x86_64.rpm removed
21:49:22,259 Level 8 dnf: /tmp/dnf.package.cache/libnsl2-1.2.0-2.20180605git4a062cf.el8.x86_64.rpm removed
21:49:22,259 Level 8 dnf: /tmp/dnf.package.cache/openldap-2.4.46-10.el8.x86_64.rpm removed
21:49:22,259 Level 8 dnf: /tmp/dnf.package.cache/xz-libs-5.2.4-3.el8.x86_64.rpm removed
21:49:22,259 INF packaging: Verifying: dbus-tools-1:1.12.8-9.el8.x86_64 1573232032 2cd99ae8d49dbc7bf324b0b1166f389b7433671ce63e3c650f71ccd352fc5e83
21:49:22,259 Level 8 dnf: /tmp/dnf.package.cache/libcap-ng-0.7.9-4.el8.x86_64.rpm removed
21:49:22,259 Level 8 dnf: /tmp/dnf.package.cache/acl-2.2.53-1.el8.x86_64.rpm removed
21:49:22,259 Level 8 dnf: /tmp/dnf.package.cache/libgcc-8.3.1-4.5.el8.x86_64.rpm removed
21:49:22,260 Level 8 dnf: /tmp/dnf.package.cache/libsepol-2.9-1.el8.x86_64.rpm removed
21:49:22,260 Level 8 dnf: /tmp/dnf.package.cache/cpio-2.12-8.el8.x86_64.rpm removed
21:49:22,260 Level 8 dnf: /tmp/dnf.package.cache/info-6.5-4.el8.x86_64.rpm removed
21:49:22,260 INF packaging: Verifying: device-mapper-8:1.02.163-5.el8.0.1.x86_64 1578076726 52192ba7669f457f57fc31dd27098c49ba5756705ef499b006104b4568d16a0b
21:49:22,260 Level 8 dnf: /tmp/dnf.package.cache/gdbm-1.18-1.el8.x86_64.rpm removed
21:49:22,260 Level 8 dnf: /tmp/dnf.package.cache/bash-4.4.19-10.el8.x86_64.rpm removed
21:49:22,260 Level 8 dnf: /tmp/dnf.package.cache/centos-release-8.1-1.1911.0.8.el8.x86_64.rpm removed
21:49:22,261 Level 8 dnf: /tmp/dnf.package.cache/libassuan-2.5.1-3.el8.x86_64.rpm removed
21:49:22,261 Level 8 dnf: /tmp/dnf.package.cache/device-mapper-libs-1.02.163-5.el8.0.1.x86_64.rpm removed
21:49:22,261 INF packaging: Verifying: device-mapper-libs-8:1.02.163-5.el8.0.1.x86_64 1578076726 06780d7cb20b16b80e517913716f70fba04f32420ad4ff37044f16fad9c9dfa1
21:49:22,261 Level 8 dnf: /tmp/dnf.package.cache/systemd-libs-239-18.el8_1.1.x86_64.rpm removed
21:49:22,261 Level 8 dnf: /tmp/dnf.package.cache/dracut-049-27.git20190906.el8_1.1.x86_64.rpm removed
21:49:22,261 Level 8 dnf: /tmp/dnf.package.cache/sqlite-libs-3.26.0-3.el8.x86_64.rpm removed
21:49:22,261 Level 8 dnf: /tmp/dnf.package.cache/libseccomp-2.4.1-1.el8.x86_64.rpm removed
21:49:22,261 Level 8 dnf: /tmp/dnf.package.cache/libutempter-1.1.6-14.el8.x86_64.rpm removed
21:49:22,262 Level 8 dnf: /tmp/dnf.package.cache/p11-kit-trust-0.23.14-5.el8_0.x86_64.rpm removed
21:49:22,262 INF packaging: Verifying: dhcp-client-12:4.3.6-34.el8.x86_64 1574177635 ef9a0775944fd3d02c977e70e02645a4736533394dab415554b89b01ca7ab2df
21:49:22,262 Level 8 dnf: /tmp/dnf.package.cache/vim-minimal-8.0.1763-13.el8.x86_64.rpm removed
21:49:22,262 Level 8 dnf: /tmp/dnf.package.cache/gdbm-libs-1.18-1.el8.x86_64.rpm removed
21:49:22,262 Level 8 dnf: /tmp/dnf.package.cache/shadow-utils-4.6-8.el8.x86_64.rpm removed
21:49:22,262 Level 8 dnf: /tmp/dnf.package.cache/gzip-1.9-9.el8.x86_64.rpm removed
21:49:22,262 Level 8 dnf: /tmp/dnf.package.cache/cyrus-sasl-lib-2.1.27-1.el8.x86_64.rpm removed
21:49:22,263 INF packaging: Verifying: dhcp-common-12:4.3.6-34.el8.noarch 1574177723 ba2a96d422a773e05e9bacff9f59995ed933f180fcad0cb031e5198fec753101
21:49:22,263 Level 8 dnf: /tmp/dnf.package.cache/libsolv-0.7.4-3.el8.x86_64.rpm removed
21:49:22,263 Level 8 dnf: /tmp/dnf.package.cache/dbus-1.12.8-9.el8.x86_64.rpm removed
21:49:22,263 Level 8 dnf: /tmp/dnf.package.cache/libidn2-2.2.0-1.el8.x86_64.rpm removed
21:49:22,263 Level 8 dnf: /tmp/dnf.package.cache/libksba-1.3.5-7.el8.x86_64.rpm removed
21:49:22,263 Level 8 dnf: /tmp/dnf.package.cache/kexec-tools-2.0.19-12.el8_1.1.x86_64.rpm removed
21:49:22,263 Level 8 dnf: /tmp/dnf.package.cache/glibc-common-2.28-72.el8.x86_64.rpm removed
21:49:22,263 INF packaging: Verifying: dhcp-libs-12:4.3.6-34.el8.x86_64 1574177635 eb9fd036ec572b566a0b9fcd54f9cf5ad5be41fecedcf1a630099b78b1ec0ad5
21:49:22,264 Level 8 dnf: /tmp/dnf.package.cache/yum-4.2.7-7.el8_1.noarch.rpm removed
21:49:22,264 Level 8 dnf: /tmp/dnf.package.cache/dbus-tools-1.12.8-9.el8.x86_64.rpm removed
21:49:22,264 Level 8 dnf: /tmp/dnf.package.cache/kmod-libs-25-13.el8.x86_64.rpm removed
21:49:22,264 Level 8 dnf: /tmp/dnf.package.cache/krb5-libs-1.17-9.el8.x86_64.rpm removed
21:49:22,264 Level 8 dnf: /tmp/dnf.package.cache/findutils-4.6.0-20.el8.x86_64.rpm removed
21:49:22,264 INF packaging: Verifying: dnf-4.2.7-7.el8_1.noarch 1576770263 36bfe110fb40a28b833d69f38a082a0f8f38c0c9fbf12b6c981521edf92a15fc
21:49:22,264 Level 8 dnf: /tmp/dnf.package.cache/libusbx-1.0.22-1.el8.x86_64.rpm removed
21:49:22,264 Level 8 dnf: /tmp/dnf.package.cache/ipcalc-0.2.4-3.el8.x86_64.rpm removed
21:49:22,265 Level 8 dnf: /tmp/dnf.package.cache/libcap-2.26-1.el8.x86_64.rpm removed
21:49:22,265 Level 8 dnf: /tmp/dnf.package.cache/langpacks-en-1.0-12.el8.noarch.rpm removed
21:49:22,265 Level 8 dnf: /tmp/dnf.package.cache/libcurl-minimal-7.61.1-11.el8.x86_64.rpm removed
21:49:22,265 Level 8 dnf: /tmp/dnf.package.cache/libstdc++-8.3.1-4.5.el8.x86_64.rpm removed
21:49:22,265 INF packaging: Verifying: dnf-data-4.2.7-7.el8_1.noarch 1576770263 896ae1e03e45a1aec04367da33a59a91027c57d63c2379ef66f10848bf09fe91
21:49:22,265 Level 8 dnf: /tmp/dnf.package.cache/platform-python-pip-9.0.3-15.el8.noarch.rpm removed
21:49:22,266 Level 8 dnf: /tmp/dnf.package.cache/glibc-2.28-72.el8.x86_64.rpm removed
21:49:22,266 Level 8 dnf: /tmp/dnf.package.cache/libreport-filesystem-2.9.5-9.el8.x86_64.rpm removed
21:49:22,266 Level 8 dnf: /tmp/dnf.package.cache/setup-2.12.2-2.el8_1.1.noarch.rpm removed
21:49:22,266 INF packaging: Verifying: dracut-049-27.git20190906.el8_1.1.x86_64 1578075167 3d42196b907e4e9e7116294df087665d84f0e335f51dfcec9163f34fca422d23
21:49:22,266 Level 8 dnf: /tmp/dnf.package.cache/gawk-4.2.1-1.el8.x86_64.rpm removed
21:49:22,267 Level 8 dnf: /tmp/dnf.package.cache/iproute-4.18.0-15.el8.x86_64.rpm removed
21:49:22,267 Level 8 dnf: /tmp/dnf.package.cache/basesystem-11-5.el8.noarch.rpm removed
21:49:22,267 Level 8 dnf: /tmp/dnf.package.cache/dbus-libs-1.12.8-9.el8.x86_64.rpm removed
21:49:22,267 Level 8 dnf: /tmp/dnf.package.cache/libmetalink-0.1.3-7.el8.x86_64.rpm removed
21:49:22,267 INF packaging: Verifying: dracut-network-049-27.git20190906.el8_1.1.x86_64 1578075167 af32aa1b801f5d3a99fff7c95da91cdd692aa388adeefce4121ca3548040b39c
21:49:22,267 Level 8 dnf: /tmp/dnf.package.cache/platform-python-3.6.8-15.1.el8.x86_64.rpm removed
21:49:22,267 Level 8 dnf: /tmp/dnf.package.cache/cracklib-2.9.6-15.el8.x86_64.rpm removed
21:49:22,267 Level 8 dnf: /tmp/dnf.package.cache/json-c-0.13.1-0.2.el8.x86_64.rpm removed
21:49:22,268 Level 8 dnf: /tmp/dnf.package.cache/python3-setuptools-wheel-39.2.0-5.el8.noarch.rpm removed
21:49:22,268 Level 8 dnf: /tmp/dnf.package.cache/libyaml-0.1.7-5.el8.x86_64.rpm removed
21:49:22,268 INF packaging: Verifying: dracut-squash-049-27.git20190906.el8_1.1.x86_64 1578075167 afbff45fc50f87b5dcd4f73318ba68036e6d54853da5cfb4dc02b77bbdc927b5
21:49:22,268 Level 8 dnf: /tmp/dnf.package.cache/openssl-libs-1.1.1c-2.el8.x86_64.rpm removed
21:49:22,268 Level 8 dnf: /tmp/dnf.package.cache/popt-1.16-14.el8.x86_64.rpm removed
21:49:22,268 Level 8 dnf: /tmp/dnf.package.cache/tar-1.30-4.el8.x86_64.rpm removed
21:49:22,268 Level 8 dnf: /tmp/dnf.package.cache/pcre2-10.32-1.el8.x86_64.rpm removed
21:49:22,269 Level 8 dnf: /tmp/dnf.package.cache/libpwquality-1.4.0-9.el8.x86_64.rpm removed
21:49:22,269 Level 8 dnf: /tmp/dnf.package.cache/lzo-2.08-14.el8.x86_64.rpm removed
21:49:22,269 INF packaging: Verifying: elfutils-default-yama-scope-0.176-5.el8.noarch 1574179287 0413fcea9c722f7283109667db9225e352c71245e393438aa9b24f4b45ff385b
21:49:22,269 Level 8 dnf: /tmp/dnf.package.cache/libunistring-0.9.9-3.el8.x86_64.rpm removed
21:49:22,269 Level 8 dnf: /tmp/dnf.package.cache/libcomps-0.1.11-2.el8.x86_64.rpm removed
21:49:22,269 Level 8 dnf: /tmp/dnf.package.cache/libmodulemd1-1.8.11-4.el8_1.x86_64.rpm removed
21:49:22,269 Level 8 dnf: /tmp/dnf.package.cache/gnupg2-2.2.9-1.el8.x86_64.rpm removed
21:49:22,270 INF packaging: Verifying: elfutils-libelf-0.176-5.el8.x86_64 1574179223 6a2691aced94002ffee690887f42617715febb43214c0dd571bd2acc50315a7f
21:49:22,270 Level 8 dnf: /tmp/dnf.package.cache/binutils-2.30-58.el8.0.1.x86_64.rpm removed
21:49:22,270 Level 8 dnf: /tmp/dnf.package.cache/ca-certificates-2019.2.32-80.0.el8_1.noarch.rpm removed
21:49:22,270 Level 8 dnf: /tmp/dnf.package.cache/npth-1.5-4.el8.x86_64.rpm removed
21:49:22,271 Level 8 dnf: /tmp/dnf.package.cache/libdb-utils-5.3.28-37.el8.x86_64.rpm removed
21:49:22,271 INF packaging: Verifying: elfutils-libs-0.176-5.el8.x86_64 1574179223 be7ea669024d0bbfb52937243d03d2a1c4e57976d4fcc69801be618e1b036017
21:49:22,271 Level 8 dnf: /tmp/dnf.package.cache/python3-pip-wheel-9.0.3-15.el8.noarch.rpm removed
21:49:22,271 Level 8 dnf: /tmp/dnf.package.cache/elfutils-libs-0.176-5.el8.x86_64.rpm removed
21:49:22,271 Level 8 dnf: /tmp/dnf.package.cache/libkcapi-hmaccalc-1.1.1-16_1.el8.x86_64.rpm removed
21:49:22,271 Level 8 dnf: /tmp/dnf.package.cache/bind-export-libs-9.11.4-26.P2.el8.x86_64.rpm removed
21:49:22,271 Level 8 dnf: /tmp/dnf.package.cache/rpm-build-libs-4.14.2-25.el8.x86_64.rpm removed
21:49:22,272 Level 8 dnf: /tmp/dnf.package.cache/dbus-common-1.12.8-9.el8.noarch.rpm removed
21:49:22,272 INF packaging: Verifying: ethtool-2:5.0-2.el8.x86_64 1573235676 4a64f67b3f0f6932d003d403c0ecbcd91cf44e7a54f9fa7e68afbd1117f3f13c
21:49:22,272 Level 8 dnf: /tmp/dnf.package.cache/kmod-25-13.el8.x86_64.rpm removed
21:49:22,272 Level 8 dnf: /tmp/dnf.package.cache/snappy-1.1.7-5.el8.x86_64.rpm removed
21:49:22,272 Level 8 dnf: /tmp/dnf.package.cache/cryptsetup-libs-2.2.0-2.el8.x86_64.rpm removed
21:49:22,272 Level 8 dnf: /tmp/dnf.package.cache/rpm-4.14.2-25.el8.x86_64.rpm removed
21:49:22,272 Level 8 dnf: /tmp/dnf.package.cache/libacl-2.2.53-1.el8.x86_64.rpm removed
21:49:22,272 Level 8 dnf: /tmp/dnf.package.cache/libcom_err-1.44.6-3.el8.x86_64.rpm removed
21:49:22,273 INF packaging: Verifying: expat-2.2.5-3.el8.x86_64 1557536732 dfe199dc03a6d4122bb5085bc3282777735ec4cfa4bd5e9ee372dcc4cf09b525
21:49:22,273 Level 8 dnf: /tmp/dnf.package.cache/libarchive-3.3.2-7.el8.x86_64.rpm removed
21:49:22,273 Level 8 dnf: /tmp/dnf.package.cache/libffi-3.1-21.el8.x86_64.rpm removed
21:49:22,273 Level 8 dnf: /tmp/dnf.package.cache/libnghttp2-1.33.0-1.el8_0.1.x86_64.rpm removed
21:49:22,273 Level 8 dnf: /tmp/dnf.package.cache/pam-1.3.1-4.el8.x86_64.rpm removed
21:49:22,273 Level 8 dnf: /tmp/dnf.package.cache/libgpg-error-1.31-1.el8.x86_64.rpm removed
21:49:22,273 INF packaging: Verifying: file-libs-5.33-8.el8.x86_64 1557536878 fceec2421c96dbaab6e2678ab5dd6d6b1ce2ffc6e4e264054770fed510fd31d5
21:49:22,273 Level 8 dnf: /tmp/dnf.package.cache/python3-gpg-1.10.0-6.el8.0.1.x86_64.rpm removed
21:49:22,274 Level 8 dnf: /tmp/dnf.package.cache/crypto-policies-20190807-1.git9b1477b.el8.noarch.rpm removed
21:49:22,274 Level 8 dnf: /tmp/dnf.package.cache/systemd-239-18.el8_1.1.x86_64.rpm removed
21:49:22,274 Level 8 dnf: /tmp/dnf.package.cache/bzip2-libs-1.0.6-26.el8.x86_64.rpm removed
21:49:22,274 INF packaging: Verifying: filesystem-3.8-2.el8.x86_64 1557534820 351293e23886ba1e3de8790141f616b3152692c48924ccb61d96bf7ff3ca9aee
21:49:22,274 Level 8 dnf: /tmp/dnf.package.cache/device-mapper-1.02.163-5.el8.0.1.x86_64.rpm removed
21:49:22,274 Level 8 dnf: /tmp/dnf.package.cache/platform-python-setuptools-39.2.0-5.el8.noarch.rpm removed
21:49:22,275 Level 8 dnf: /tmp/dnf.package.cache/python3-libdnf-0.35.1-9.el8_1.x86_64.rpm removed
21:49:22,275 Level 8 dnf: /tmp/dnf.package.cache/centos-repos-8.1-1.1911.0.8.el8.x86_64.rpm removed
21:49:22,275 Level 8 dnf: /tmp/dnf.package.cache/grep-3.1-6.el8.x86_64.rpm removed
21:49:22,275 Level 8 dnf: /tmp/dnf.package.cache/dhcp-common-4.3.6-34.el8.noarch.rpm removed
21:49:22,275 INF packaging: Verifying: findutils-1:4.6.0-20.el8.x86_64 1557536961 811eb112646b7d87773c65af47efdca975468f3e5df44aa9944e30de24d83890
21:49:22,275 Level 8 dnf: /tmp/dnf.package.cache/gnutls-3.6.8-8.el8.x86_64.rpm removed
21:49:22,275 Level 8 dnf: /tmp/dnf.package.cache/lua-libs-5.3.4-11.el8.x86_64.rpm removed
21:49:22,276 Level 8 dnf: /tmp/dnf.package.cache/zlib-1.2.11-10.el8.x86_64.rpm removed
21:49:22,276 Level 8 dnf: /tmp/dnf.package.cache/libuuid-2.32.1-17.el8.x86_64.rpm removed
21:49:22,276 Level 8 dnf: /tmp/dnf.package.cache/hostname-3.20-6.el8.x86_64.rpm removed
21:49:22,276 Level 8 dnf: /tmp/dnf.package.cache/libmount-2.32.1-17.el8.x86_64.rpm removed
21:49:22,276 INF packaging: Verifying: gawk-4.2.1-1.el8.x86_64 1557534106 5daf8c72daefddf2b0392c8bd3d73865b51386a06983dffe6128cf4ba9de7b90
21:49:22,276 Level 8 dnf: /tmp/dnf.package.cache/python3-libcomps-0.1.11-2.el8.x86_64.rpm removed
21:49:22,277 INF packaging: Verifying: gdbm-1:1.18-1.el8.x86_64 1557537017 76d81e433a5291df491d2e289de9b33d4e5b98dcf48fd0a003c2767415d3e0aa
21:49:22,277 Level 8 dnf: /tmp/dnf.package.cache/python3-libs-3.6.8-15.1.el8.x86_64.rpm removed
21:49:22,277 Level 8 dnf: /tmp/dnf.package.cache/pcre-8.42-4.el8.x86_64.rpm removed
21:49:22,277 Level 8 dnf: /tmp/dnf.package.cache/librepo-1.10.3-3.el8.x86_64.rpm removed
21:49:22,277 Level 8 dnf: /tmp/dnf.package.cache/nettle-3.4.1-1.el8.x86_64.rpm removed
21:49:22,278 Level 8 dnf: /tmp/dnf.package.cache/dhcp-libs-4.3.6-34.el8.x86_64.rpm removed
21:49:22,278 Level 8 dnf: /tmp/dnf.package.cache/libfdisk-2.32.1-17.el8.x86_64.rpm removed
21:49:22,278 Level 8 dnf: /tmp/dnf.package.cache/ima-evm-utils-1.1-5.el8.x86_64.rpm removed
21:49:22,278 INF packaging: Verifying: gdbm-libs-1:1.18-1.el8.x86_64 1557537017 3a3cb5a11f8e844cd1bf7c0e7bb6c12cc63e743029df50916ce7e6a9f8a4e169
21:49:22,278 Level 8 dnf: /tmp/dnf.package.cache/libblkid-2.32.1-17.el8.x86_64.rpm removed
21:49:22,278 Level 8 dnf: /tmp/dnf.package.cache/less-530-1.el8.x86_64.rpm removed
21:49:22,278 Level 8 dnf: /tmp/dnf.package.cache/libsigsegv-2.11-5.el8.x86_64.rpm removed
21:49:22,278 Level 8 dnf: /tmp/dnf.package.cache/dnf-data-4.2.7-7.el8_1.noarch.rpm removed
21:49:22,279 Level 8 dnf: /tmp/dnf.package.cache/libtirpc-1.1.4-4.el8.x86_64.rpm removed
21:49:22,279 Level 8 dnf: /tmp/dnf.package.cache/libxml2-2.9.7-5.el8.x86_64.rpm removed
21:49:22,279 INF packaging: Verifying: glib2-2.56.4-7.el8.x86_64 1573236972 f6df806dcd163b02d0b4edb5aa23f5e6fe6474b2e0abf265964d0e1c2f26cb74
21:49:22,279 Level 8 dnf: /tmp/dnf.package.cache/iptables-libs-1.8.2-16.el8.x86_64.rpm removed
21:49:22,279 Level 8 dnf: /tmp/dnf.package.cache/libtasn1-4.13-3.el8.x86_64.rpm removed
21:49:22,279 Level 8 dnf: /tmp/dnf.package.cache/squashfs-tools-4.3-19.el8.x86_64.rpm removed
21:49:22,280 Level 8 dnf: /tmp/dnf.package.cache/filesystem-3.8-2.el8.x86_64.rpm removed
21:49:22,280 Level 8 dnf: /tmp/dnf.package.cache/rpm-libs-4.14.2-25.el8.x86_64.rpm removed
21:49:22,280 INF packaging: Verifying: glibc-2.28-72.el8.x86_64 1573009951 35ef9d3d3d756989476a5ad8454b9508c5c31fb817b50f8fe473f3ac2fbd378f
21:49:22,280 Level 8 dnf: /tmp/dnf.package.cache/audit-libs-3.0-0.10.20180831git0047a6c.el8.x86_64.rpm removed
21:49:22,280 Level 8 dnf: /tmp/dnf.package.cache/ncurses-base-6.1-7.20180224.el8.noarch.rpm removed
21:49:22,280 Level 8 dnf: /tmp/dnf.package.cache/libxcrypt-4.1.1-4.el8.x86_64.rpm removed
21:49:22,280 Level 8 dnf: /tmp/dnf.package.cache/gmp-6.1.2-10.el8.x86_64.rpm removed
21:49:22,281 Level 8 dnf: /tmp/dnf.package.cache/file-libs-5.33-8.el8.x86_64.rpm removed
21:49:22,281 INF packaging: Verifying: glibc-common-2.28-72.el8.x86_64 1573009951 c74f76e4201bd1f8144939e3b35a24a99082d2499baa9aac6d8a52097d6fac09
21:49:22,281 Level 8 dnf: /tmp/dnf.package.cache/dhcp-client-4.3.6-34.el8.x86_64.rpm removed
21:49:22,281 Level 8 dnf: /tmp/dnf.package.cache/libdnf-0.35.1-9.el8_1.x86_64.rpm removed
21:49:22,281 Level 8 dnf: /tmp/dnf.package.cache/tzdata-2019c-1.el8.noarch.rpm removed
21:49:22,281 Level 8 dnf: /tmp/dnf.package.cache/glibc-minimal-langpack-2.28-72.el8.x86_64.rpm removed
21:49:22,281 Level 8 dnf: /tmp/dnf.package.cache/coreutils-single-8.30-6.el8.x86_64.rpm removed
21:49:22,282 INF packaging: Verifying: glibc-minimal-langpack-2.28-72.el8.x86_64 1573009951 ba9278e1ba71afe35920ceecc9352af984a55a3d94b24727255237b3653e8b97
21:49:22,282 Level 8 dnf: /tmp/dnf.package.cache/python3-hawkey-0.35.1-9.el8_1.x86_64.rpm removed
21:49:22,283 INF packaging: Verifying: gmp-1:6.1.2-10.el8.x86_64 1573237036 3b96e2c7d5cd4b49bfde8e52c8af6ff595c91438e50856e468f14a049d8511e2
21:49:22,283 INF packaging: Verifying: gnupg2-2.2.9-1.el8.x86_64 1557537304 1526b8fe3b26371f6cfe57206321c5dad5b842a77df63ab6523c980be461701e
21:49:22,284 INF packaging: Verifying: gnutls-3.6.8-8.el8.x86_64 1573513398 990cb05a14d70c62b7d51756ede9bade8cae904dce7671d6268366be901f8189
21:49:22,285 INF packaging: Verifying: gpgme-1.10.0-6.el8.0.1.x86_64 1557965227 602f0c27e1f612a9f099152678b7ebb7a273c0ce6da70f5ad3e688c0d0461dc2
21:49:22,286 INF packaging: Verifying: grep-3.1-6.el8.x86_64 1557537409 3f8ffe48bb481a5db7cbe42bf73b839d872351811e5df41b2f6697c61a030487
21:49:22,287 INF packaging: Verifying: gzip-1.9-9.el8.x86_64 1573237568 6697e1ec0e3b6eedb1f7c1c25e1e4505926e1de929bb4235304f4a6f9faa5bcb
21:49:22,288 INF packaging: Verifying: hostname-3.20-6.el8.x86_64 1557584275 7a7963e2052bfb45b8569f64619dc5cb92fe8aeb78c754b7cf948b9784646785
21:49:22,291 INF packaging: Verifying: ima-evm-utils-1.1-5.el8.x86_64 1573238055 f913d2f31ad8565ebaea55fa577fed77aa350fb9042c409b6e63662ece3161ee
21:49:22,292 INF packaging: Verifying: info-6.5-4.el8.x86_64 1557540611 8d41c1a7a08d57fa3116d3a3c59c5c7a928dc6191da8974c092132f45a1b4c20
21:49:22,293 INF packaging: Verifying: ipcalc-0.2.4-3.el8.x86_64 1557584423 c685e73fcc004751964ebb497b49a8132e7cf07413dba2bdad086a3d5c3bb8a1
21:49:22,294 INF packaging: Verifying: iproute-4.18.0-15.el8.x86_64 1573238385 7804db86e8770fca03f80e8acfebdbeac4acf06151c35b10d410d97b98971f7b
21:49:22,295 INF packaging: Verifying: iptables-libs-1.8.2-16.el8.x86_64 1573238451 9ac0abced7c4614579a7394424c5ec6abf42b5fea0b8f4d354a55d7f99c3ea39
21:49:22,296 INF packaging: Verifying: iputils-20180629-2.el8.x86_64 1573238506 0833255a222fd269dd507340219ca8483924798c1ecae60da5a1db923dbad68f
21:49:22,297 INF packaging: Verifying: json-c-0.13.1-0.2.el8.x86_64 1557584691 2cc5d8593583fa7d474dd6beef46e229a06a50ff5c132040a188fb573eec0a95
21:49:22,298 INF packaging: Verifying: kexec-tools-2.0.19-12.el8_1.1.x86_64 1578075973 deb244be794ea6eb263f0017923c40345ef158a0b274757ba6039ab8f9671eef
21:49:22,299 INF packaging: Verifying: keyutils-libs-1.5.10-6.el8.x86_64 1557537594 ae82944445464108e4932d18d4f915cc5e0b4763feb7337b2db7a3fdb77839e3
21:49:22,300 INF packaging: Verifying: kmod-25-13.el8.x86_64 1573239024 af5e44dca2a5676bda6e766285f6078ccb236afd5440c4fec79931a5cbea2a6c
21:49:22,300 INF packaging: Verifying: kmod-libs-25-13.el8.x86_64 1573239024 972035ff06fe880ed9d431144b182cc962b75d0fe3dce8a48a05db088710153f
21:49:22,301 INF packaging: Verifying: krb5-libs-1.17-9.el8.x86_64 1573238947 3759163be1bbf1f42e669eb5bf19cec7a87051b514366bdab11a0d27297bb1b9
21:49:22,301 INF packaging: Verifying: less-530-1.el8.x86_64 1557584772 f94172554b8ceeab97b560d0b05c2e2df4b2e737471adce6eca82fd3209be254
21:49:22,302 INF packaging: Verifying: libacl-2.2.53-1.el8.x86_64 1557533834 4973664648b7ed9278bf29074ec6a60a9f660aa97c23a283750483f64429d5bb
21:49:22,302 INF packaging: Verifying: libarchive-3.3.2-7.el8.x86_64 1573239308 44760571714f54745a333c1d197a5a4966350f7cb8147af9938e7644792ebf9e
21:49:22,303 INF packaging: Verifying: libassuan-2.5.1-3.el8.x86_64 1557537853 b49e8c674e462e3f494e825c5fca64002008cbf7a47bf131aa98b7f41678a6eb
21:49:22,304 INF packaging: Verifying: libattr-2.4.48-3.el8.x86_64 1557533865 a02e1344ccde1747501ceeeff37df4f18149fb79b435aa22add08cff6bab3a5a
21:49:22,304 INF packaging: Verifying: libblkid-2.32.1-17.el8.x86_64 1573255704 c551c479b1f68f76f98c6690c81150636f6be8fd13ad380201060c9edce84132
21:49:22,305 INF packaging: Verifying: libcap-2.26-1.el8.x86_64 1573239414 1e8dc2ff9bd3a3c5aa40dcaed72a31d61d9936328cdcc620220a7fa9b9e5b03a
21:49:22,305 INF packaging: Verifying: libcap-ng-0.7.9-4.el8.x86_64 1557537913 f40aebc317f2da3dddc7cb18e7b0a0d557bf90736d1e1170edf194f49d045415
21:49:22,306 INF packaging: Verifying: libcom_err-1.44.6-3.el8.x86_64 1573235105 dd9150c7cc3225cbbe15715211fb53dfd75ac847891b738e8e1d41e47418492d
21:49:22,307 INF packaging: Verifying: libcomps-0.1.11-2.el8.x86_64 1573239469 2e086c34d7a31c4cdc5f95f0659dbee2b75f865bdeeb483d58cb3c16519234ca
21:49:22,307 INF packaging: Verifying: libcurl-minimal-7.61.1-11.el8.x86_64 1573233245 cd143ee1fef864fc7985837868f586dfd1dbc1c90fbb9446fc24643249f1702a
21:49:22,308 INF packaging: Verifying: libdb-5.3.28-37.el8.x86_64 1573239930 f45993f87be2c9c7f2408a5479418cb9a0c2a28a9f316db0d82cff1518470776
21:49:22,308 INF packaging: Verifying: libdb-utils-5.3.28-37.el8.x86_64 1573239930 93e5537fdce10d06c0649cd85f5e29bf31e2d5486104cdfb236f9b0b0c35b280
21:49:22,309 INF packaging: Verifying: libdnf-0.35.1-9.el8_1.x86_64 1576095087 6051595715843d4bdafdbf6a557b062c55a180ea229cbb840d3753296835b6d4
21:49:22,309 INF packaging: Verifying: libfdisk-2.32.1-17.el8.x86_64 1573255704 26709b96a98ee776c95517789f2d54138092a0b7e70b41a62a902cfa2974bb1e
21:49:22,310 INF packaging: Verifying: libffi-3.1-21.el8.x86_64 1573239626 ed4977e3a7430ab283921516fae09ef747f6c3758635984330f1d9876d398a14
21:49:22,311 INF packaging: Verifying: libgcc-8.3.1-4.5.el8.x86_64 1573017530 68894c1f9e46138f1b2970075f2c125c36f786bc067a12d1bbf2e72dc7b40ca2
21:49:22,311 INF packaging: Verifying: libgcrypt-1.8.3-4.el8.x86_64 1573239762 fb886c8806902ca77fd5c37e447282ec2394b50903b41fac2a178d326652a9b1
21:49:22,312 INF packaging: Verifying: libgpg-error-1.31-1.el8.x86_64 1557538013 845a0732d9d7a01b909124cd8293204764235c2d856227c7a74dfa0e38113e34
21:49:22,312 INF packaging: Verifying: libidn2-2.2.0-1.el8.x86_64 1573240114 7e08785bd3cc0e09f9ab4bf600b98b705203d552cbb655269a939087987f1694
21:49:22,313 INF packaging: Verifying: libkcapi-1.1.1-16_1.el8.x86_64 1557585430 5ad05773c3f244d697024367129b2fffdc639f34e298806215f894bb06a233a1
21:49:22,313 INF packaging: Verifying: libkcapi-hmaccalc-1.1.1-16_1.el8.x86_64 1557585430 ace3fc0e68568a10d8d64711eb62c06f7334333b5b13cec8d9ee7e7f8ae3aaed
21:49:22,314 INF packaging: Verifying: libksba-1.3.5-7.el8.x86_64 1557538107 e6d3476e9996fb49632744be169f633d92900f5b7151db233501167a9018d240
21:49:22,314 INF packaging: Verifying: libmetalink-0.1.3-7.el8.x86_64 1557538162 c4087dec9ffc6e6a164563c46ef09bc0c0bbb5cb992f5fbc8cd3bf20417750e1
21:49:22,315 INF packaging: Verifying: libmnl-1.0.4-6.el8.x86_64 1557585097 30fab73ee155f03dbbd99c1e30fe59dfba4ae8fdb2e7213451ccc36d6918bfcc
21:49:22,316 INF packaging: Verifying: libmodulemd1-1.8.11-4.el8_1.x86_64 1576093073 fa66bcb0a39c7b79813abf544df31b9c09b941eb2e1c01bd294608612479ace9
21:49:22,316 INF packaging: Verifying: libmount-2.32.1-17.el8.x86_64 1573255704 2fc8759133fa20695c730a0f50d2ae7343729f5d23d4f69501614d3273e393de
21:49:22,317 INF packaging: Verifying: libnghttp2-1.33.0-1.el8_0.1.x86_64 1576601266 979b082869442de61245d003c050b5c9797eef99019189adbd0ab7a054f3619b
21:49:22,317 INF packaging: Verifying: libnsl2-1.2.0-2.20180605git4a062cf.el8.x86_64 1557538193 5846c73edfa2ff673989728e9621cce6a1369eb2f8a269ac5205c381a10d327a
21:49:22,318 INF packaging: Verifying: libpcap-14:1.9.0-3.el8.x86_64 1576255342 59d387adafdee640abc4639bdde9e2cde08db8a4ae88a8cfe981556f7d9127d9
21:49:22,318 INF packaging: Verifying: libpwquality-1.4.0-9.el8.x86_64 1557538248 343e1994c432d8245a80bc6e1e123374d5653739a9a9d0b1d6e1061ac8358853
21:49:22,319 INF packaging: Verifying: librepo-1.10.3-3.el8.x86_64 1573240420 078ba6da385ea20b61bebb67aef6844c73e1a265a95485fcf145db7c2da8d465
21:49:22,320 INF packaging: Verifying: libreport-filesystem-2.9.5-9.el8.x86_64 1574181645 8d886ef190fbb2adb4a7b29e43e312de88d91a4716598d319303fa7ab192e2a8
21:49:22,320 INF packaging: Verifying: libseccomp-2.4.1-1.el8.x86_64 1573244731 0596152afee19368fb13122e4a9869ea7600a566cf2b07f0427e67d1c1052099
21:49:22,321 INF packaging: Verifying: libselinux-2.9-2.1.el8.x86_64 1573486633 b037c9d6d3725b3b5b1dd12171fcedaf0dc79979fc8e66482911f96149904d4b
21:49:22,321 INF packaging: Verifying: libsemanage-2.9-1.el8.x86_64 1573487445 57778321b403436cb4e178b66a5aee3699d9f04981c575f02afc9210f6dbb898
21:49:22,322 INF packaging: Verifying: libsepol-2.9-1.el8.x86_64 1573244932 8d330c13456fd777dcc4722ee9da640d8e8e3cf6957e85bf4f7ea3a9f178d05c
21:49:22,322 INF packaging: Verifying: libsigsegv-2.11-5.el8.x86_64 1557538364 02d728cf74eb47005babeeab5ac68ca04472c643203a1faef0037b5f33710fe2
21:49:22,323 INF packaging: Verifying: libsmartcols-2.32.1-17.el8.x86_64 1573255704 96ab353071fa112300859275ff3fc06c41387b50509fa21ef1d5a97e97e38386
21:49:22,324 INF packaging: Verifying: libsolv-0.7.4-3.el8.x86_64 1573245032 0f020e8ab4a8b052106a2b6499c67b0f8fd36491859adb54b63ece5e56061240
21:49:22,324 INF packaging: Verifying: libstdc++-8.3.1-4.5.el8.x86_64 1573017530 47f2c08291d273c860adce22cf7a21d34ed6f382940237bb68aa8cd2b7b34890
21:49:22,325 INF packaging: Verifying: libtasn1-4.13-3.el8.x86_64 1557538463 e8d9697a8914226a2d3ed5a4523b85e8e70ac09cf90aae05395e6faee9858534
21:49:22,325 INF packaging: Verifying: libtirpc-1.1.4-4.el8.x86_64 1573245338 4d7acc5861e8fbd998d0b76e93694f2b152fe98e7782cc4307a2d3103e987d11
21:49:22,326 INF packaging: Verifying: libunistring-0.9.9-3.el8.x86_64 1557538610 20bb189228afa589141d9c9d4ed457729d13c11608305387602d0b00ed0a3093
21:49:22,326 INF packaging: Verifying: libusbx-1.0.22-1.el8.x86_64 1557538671 8ff5069483db979abf138129983c15bc145239823dcd31c0ac81aa84bbfb61e4
21:49:22,327 INF packaging: Verifying: libutempter-1.1.6-14.el8.x86_64 1557538847 c8c54c56bff9ca416c3ba6bccac483fb66c81a53d93a19420088715018ed5169
21:49:22,327 INF packaging: Verifying: libuuid-2.32.1-17.el8.x86_64 1573255704 5ee19fdad2919acf5e81787d2b02fd182326e1a0b30fa6901dc446dc537e3a80
21:49:22,328 INF packaging: Verifying: libverto-0.3.0-5.el8.x86_64 1557538733 f95f673fc9236dc712270a343807cdac06297d847001e78cd707482c751b2d0d
21:49:22,329 INF packaging: Verifying: libxcrypt-4.1.1-4.el8.x86_64 1557538798 607344bcb45159a85fe83b691103e321e4169847abf197db6f3a8b223f6ba54d
21:49:22,329 INF packaging: Verifying: libxml2-2.9.7-5.el8.x86_64 1557538954 b4272779ec0178289c1ba949959a86b10e7a8525d66ab7c8df8e1d2b4efcc4f4
21:49:22,330 INF packaging: Verifying: libyaml-0.1.7-5.el8.x86_64 1557586361 00d537a434b1c2896dada83deb359d71fd005772031c73499c72f2cbd34521c5
21:49:22,330 INF packaging: Verifying: lua-libs-5.3.4-11.el8.x86_64 1573245741 98a5f610c2ca116fa63f98302036eaa8ca725c1e8fd7afae4a285deb50605b35
21:49:22,331 INF packaging: Verifying: lz4-libs-1.8.1.2-4.el8.x86_64 1557539185 e557dd4b8e4892c224f8a8a8a7443a80c8bcf574069884b639bd6752762e8c8c
21:49:22,331 INF packaging: Verifying: lzo-2.08-14.el8.x86_64 1557586709 5c68635cb03533a38d4a42f6547c21a1d5f9952351bb01f3cf865d2621a6e634
21:49:22,332 INF packaging: Verifying: mpfr-3.1.6-1.el8.x86_64 1557539247 e7f0c34f83c1ec2abb22951779e84d51e234c4ba0a05252e4ffd8917461891a5
21:49:22,332 INF packaging: Verifying: ncurses-base-6.1-7.20180224.el8.noarch 1557535702 1dfed63c2b675064c87d3e95c433a1c4515b24c28a7815e643e6f3d84814e79d
21:49:22,333 INF packaging: Verifying: ncurses-libs-6.1-7.20180224.el8.x86_64 1557539552 440ef0473d6f85c6f173020dab18d376d466b7b960876fba54772f88d4bfe050
21:49:22,334 INF packaging: Verifying: nettle-3.4.1-1.el8.x86_64 1557539328 5d84a3a0ec3c27b50e002c1c27fa97971bf706cf7493a7382d518c5cad657da1
21:49:22,334 INF packaging: Verifying: npth-1.5-4.el8.x86_64 1557539615 168ab5dbc86b836b8742b2e63eee51d074f1d790728e3d30b0c59fff93cf1d8d
21:49:22,335 INF packaging: Verifying: openldap-2.4.46-10.el8.x86_64 1573247828 e4bb63939d76fbfa745765f8689582bdf1cda1d6b28e63cd3899baa210f23090
21:49:22,335 INF packaging: Verifying: openssl-libs-1:1.1.1c-2.el8.x86_64 1573249070 bc224714e6d17402fadc9db5ccc83c34b9eb158e2965b191922c1139a70f3727
21:49:22,336 INF packaging: Verifying: p11-kit-0.23.14-5.el8_0.x86_64 1561995988 9480d4e918a56c484bcb329fa4dad0f208b1222467a2de7e1b67fcc4a1068c6f
21:49:22,336 INF packaging: Verifying: p11-kit-trust-0.23.14-5.el8_0.x86_64 1561995988 297f3b3f427214d996f9a3c9d0a5e2ace1b1f30da770f69ca2e56bb074e5d434
21:49:22,337 INF packaging: Verifying: pam-1.3.1-4.el8.x86_64 1557540063 948c1face1e1072a9c5915545d0bff26a02a4ed3980ffad4836fefb5b4c371c7
21:49:22,338 INF packaging: Verifying: pcre-8.42-4.el8.x86_64 1557587733 96a45c43313c3b063529bca7fce7220ac7653c4809c3c32154863693e553f935
21:49:22,338 INF packaging: Verifying: pcre2-10.32-1.el8.x86_64 1557540052 bb081744c54f31862e62485e08608ab021c15ab9fe0c5e16fe0980830e01cb4c
21:49:22,339 INF packaging: Verifying: platform-python-3.6.8-15.1.el8.x86_64 1574367056 66490df6cbf25f44651065f5fe189e9aa7c1112af9247f7fd79458ac85bb351f
21:49:22,339 INF packaging: Verifying: platform-python-pip-9.0.3-15.el8.noarch 1573239287 3bb7989fd8bbd4c7abde093a492755040c2ef922fdb08adb8d914e182285cfff
21:49:22,340 INF packaging: Verifying: platform-python-setuptools-39.2.0-5.el8.noarch 1573572823 d300ce0fa3a0c6a91d50c5f6a8f5988c014b07b431267b857fcd057b8bf10301
21:49:22,340 INF packaging: Verifying: popt-1.16-14.el8.x86_64 1557540167 2f0cdb6874b7b8c1f86749ffc7f0fe90038dacd3859adea611fc685e234f992e
21:49:22,341 INF packaging: Verifying: procps-ng-3.3.15-1.el8.x86_64 1557588468 dbe1e4e3555c073e6731c3d8acdf8bbe1b9bafcaa5ccd263a7405178add13a27
21:49:22,341 INF packaging: Verifying: python3-dnf-4.2.7-7.el8_1.noarch 1576770263 6a2bcc5e243e330a0eac7ac21c16df3e8aeb6c0a19c635568e734dee31f1493e
21:49:22,342 INF packaging: Verifying: python3-gpg-1.10.0-6.el8.0.1.x86_64 1557965227 5e44412bcf9dae2d330d854a00f62379a6784eed0c8b2ca715586586683d70c0
21:49:22,343 INF packaging: Verifying: python3-hawkey-0.35.1-9.el8_1.x86_64 1576095087 9edd377e9ccad2054842b688b4e6552807f03d472d8ea424d09590aa97466dea
21:49:22,343 INF packaging: Verifying: python3-libcomps-0.1.11-2.el8.x86_64 1573239469 3a79a7c914225581f971f02e013bd9a6874376d8f3efa67c94cfef5daf27aeab
21:49:22,344 INF packaging: Verifying: python3-libdnf-0.35.1-9.el8_1.x86_64 1576095087 bdb4cb238cb55e82171bce160818fdb7557c73badcc69e03e8f06fb02a2fd523
21:49:22,344 INF packaging: Verifying: python3-libs-3.6.8-15.1.el8.x86_64 1574367056 9212845d53c09d91d4b429f8056796dc083fbf053a53353b29fa909229047b75
21:49:22,345 INF packaging: Verifying: python3-pip-wheel-9.0.3-15.el8.noarch 1573239287 45192c93402f5ee029f8d9a63a36278e02a743c48ab064849469ad8153d1a555
21:49:22,345 INF packaging: Verifying: python3-rpm-4.14.2-25.el8.x86_64 1573253774 cd55c85e677d734aef5041f6c3148cf7f93f3545383fea1db2ab36a05e618436
21:49:22,346 INF packaging: Verifying: python3-setuptools-wheel-39.2.0-5.el8.noarch 1573572823 fe32f87d975ed2bd5f1c854961caa05fec47f6a5f9bd2a28610be907aeb71f4e
21:49:22,347 INF packaging: Verifying: readline-7.0-10.el8.x86_64 1557540187 fea868a7d82a7b6f392260ed4afb472dc4428fd71eab1456319f423a845b5084
21:49:22,347 INF packaging: Verifying: rootfiles-8.1-22.el8.noarch 1557588938 d967d6bbb33bf7a295a64807f81875c84e82a8ecc59b6c72fe955141b1660d39
21:49:22,348 INF packaging: Verifying: rpm-4.14.2-25.el8.x86_64 1573253774 e7e6672853024b16337a6c186dee8f0d1fcbec3dc0c91c72e3d95cb4fbc58aa7
21:49:22,348 INF packaging: Verifying: rpm-build-libs-4.14.2-25.el8.x86_64 1573253774 b06160cacd7682b4ee9cc122a8348f990a928e3b3f775d79781bd2f4a5ab0851
21:49:22,349 INF packaging: Verifying: rpm-libs-4.14.2-25.el8.x86_64 1573253774 2ea09748f2c6cf9ebcda34555c78a13d67f8f4505c1b576ec4ee05d4a0f87bd0
21:49:22,349 INF packaging: Verifying: sed-4.5-1.el8.x86_64 1557540287 1d183613170389194490f3bcafac482267b8d4e4c93118cb46f41bba5d9bfa42
21:49:22,350 INF packaging: Verifying: setup-2.12.2-2.el8_1.1.noarch 1578074652 7beab7df092f567bc07b3dd0b99c85f85fdba9117927e87f0b42d4d2769d3e2d
21:49:22,351 INF packaging: Verifying: shadow-utils-2:4.6-8.el8.x86_64 1573254328 e7790ddb34f9db041d48eb29d6926eeb170939b5689168b0828fd37750e18574
21:49:22,351 INF packaging: Verifying: snappy-1.1.7-5.el8.x86_64 1557589543 e78c64740cfa1837905fd5e4848d2bebc3c50149da76c979ecd8702f523dc902
21:49:22,352 INF packaging: Verifying: sqlite-libs-3.26.0-3.el8.x86_64 1557540798 0e8309b62391bc87a867c786d90e35dad6041b959a07fc3a259dc8f024a387ca
21:49:22,352 INF packaging: Verifying: squashfs-tools-4.3-19.el8.x86_64 1573254424 a0c8f83cef355dd98d7750e3d8eb3e9f3e9f8f5e9a3ee441cb4bc4014c647e31
21:49:22,353 INF packaging: Verifying: systemd-239-18.el8_1.1.x86_64 1578075343 1442bd82be3282daebe912a8ad8c67ceaeaea6120a0e5362ba83a1f9c7b37b70
21:49:22,353 INF packaging: Verifying: systemd-libs-239-18.el8_1.1.x86_64 1578075343 7713d6692b3bc68f4d50efca91e8959a23ab6dc3ac04f4072a71f9096b770101
21:49:22,354 INF packaging: Verifying: systemd-pam-239-18.el8_1.1.x86_64 1578075343 40c0cb3b5df66d7f3734a45a142bf90a29fc27f05d3a01ae9ca9ebd8890b0e84
21:49:22,354 INF packaging: Verifying: systemd-udev-239-18.el8_1.1.x86_64 1578075343 0c908bb7f1ee2fa4b3e4747444a93064086b83cc46e33096e5ba315d55b438b5
21:49:22,355 INF packaging: Verifying: tar-2:1.30-4.el8.x86_64 1557541084 2b861aa67c21b6ca695bbff7a3967f89c3b0af53271552ec3eab21af136b0dbb
21:49:22,356 INF packaging: Verifying: tzdata-2019c-1.el8.noarch 1569937645 ef86bf42e76d2a1d9dc507c66665eb7fa1be8c7418d8d7906d853794f179449e
21:49:22,356 INF packaging: Verifying: util-linux-2.32.1-17.el8.x86_64 1573255704 0d8afd946c69c442fca728a49acd9bba544bcde8ce6221b5d2e586093bc10625
21:49:22,357 INF packaging: Verifying: vim-minimal-2:8.0.1763-13.el8.x86_64 1573499329 2bf56823ac206cd882724d132af6465e0ae44c1631f84baffe8c6df80569b81e
21:49:22,357 INF packaging: Verifying: xz-5.2.4-3.el8.x86_64 1557541139 02f10beaf61212427e0cd57140d050948eea0b533cf432d7bc4c10266c8b33db
21:49:22,358 INF packaging: Verifying: xz-libs-5.2.4-3.el8.x86_64 1557541139 61553db2c5d1da168da53ec285de14d00ce91bb02dd902a1688725cf37a7b1a2
21:49:22,358 INF packaging: Verifying: yum-4.2.7-7.el8_1.noarch 1576770263 8fbe43b831d44d00a1230c28a318d7d6afd594a43863d0dffd1c156c1493f27e
21:49:22,359 INF packaging: Verifying: zlib-1.2.11-10.el8.x86_64 1557541132 e1b74a2cb4b4e0f536babb782c607898d5e9b16b1d3c2c9cd5eb8918af708778
21:49:22,359 INF packaging: Verifying: langpacks-en-1.0-12.el8.noarch 1557795722 c99db07c2548246f6b2ec98c1d2b536e40b2f4dbba39f3430044868a27985732
21:49:22,360 INF packaging: Cleaning up downloaded packages: /tmp/dnf.package.cache
21:49:22,365 Level 8 dnf: Cleaning up.
21:49:22,365 INF dnf: The downloaded packages were saved in cache until the next successful transaction.
21:49:22,366 INF dnf: You can remove cached packages by executing 'dnf clean packages'.
